[2022-11-17T03:59:16.328202+00:00] main.ERROR: SQLSTATE[42000]: Syntax error or access violation: 1075 Incorrect table definition; there can be only one auto column and it must be defined as a key, query was: ALTER TABLE `catalog_product_index_price_tmp` MODIFY COLUMN `entity_id` int UNSIGNED NOT NULL   COMMENT "Entity ID", DROP PRIMARY KEY, ADD CONSTRAINT  PRIMARY KEY (`entity_id`,`customer_group_id`,`website_id`), ADD INDEX `CATALOG_PRODUCT_INDEX_PRICE_TMP_CUSTOMER_GROUP_ID` (`customer_group_id`), ADD INDEX `CATALOG_PRODUCT_INDEX_PRICE_TMP_WEBSITE_ID` (`website_id`), ADD INDEX `CATALOG_PRODUCT_INDEX_PRICE_TMP_MIN_PRICE` (`min_price`)
#0 /home/cloudpanel/htdocs/sachin.mgtcommerce.com/vendor/magento/framework/DB/Statement/Pdo/Mysql.php(91): Magento\Framework\DB\Statement\Pdo\Mysql->tryExecute()
#1 /home/cloudpanel/htdocs/sachin.mgtcommerce.com/vendor/magento/zendframework1/library/Zend/Db/Statement.php(313): Magento\Framework\DB\Statement\Pdo\Mysql->_execute()
#2 /home/cloudpanel/htdocs/sachin.mgtcommerce.com/vendor/magento/zendframework1/library/Zend/Db/Adapter/Abstract.php(480): Zend_Db_Statement->execute()
#3 /home/cloudpanel/htdocs/sachin.mgtcommerce.com/vendor/magento/zendframework1/library/Zend/Db/Adapter/Pdo/Abstract.php(238): Zend_Db_Adapter_Abstract->query()
#4 /home/cloudpanel/htdocs/sachin.mgtcommerce.com/vendor/magento/framework/DB/Adapter/Pdo/Mysql.php(564): Zend_Db_Adapter_Pdo_Abstract->query()
#5 /home/cloudpanel/htdocs/sachin.mgtcommerce.com/vendor/magento/framework/DB/Adapter/Pdo/Mysql.php(631): Magento\Framework\DB\Adapter\Pdo\Mysql->_query()
#6 /home/cloudpanel/htdocs/sachin.mgtcommerce.com/generated/code/Magento/Framework/DB/Adapter/Pdo/Mysql/Interceptor.php(95): Magento\Framework\DB\Adapter\Pdo\Mysql->query()
#7 /home/cloudpanel/htdocs/sachin.mgtcommerce.com/vendor/magento/framework/Setup/Declaration/Schema/Db/MySQL/DbSchemaWriter.php(295): Magento\Framework\DB\Adapter\Pdo\Mysql\Interceptor->query()
#8 /home/cloudpanel/htdocs/sachin.mgtcommerce.com/vendor/magento/framework/Setup/Declaration/Schema/OperationsExecutor.php(215): Magento\Framework\Setup\Declaration\Schema\Db\MySQL\DbSchemaWriter->compile()
#9 /home/cloudpanel/htdocs/sachin.mgtcommerce.com/setup/src/Magento/Setup/Model/DeclarationInstaller.php(60): Magento\Framework\Setup\Declaration\Schema\OperationsExecutor->execute()
#10 /home/cloudpanel/htdocs/sachin.mgtcommerce.com/setup/src/Magento/Setup/Model/Installer.php(846): Magento\Setup\Model\DeclarationInstaller->installSchema()
#11 /home/cloudpanel/htdocs/sachin.mgtcommerce.com/setup/src/Magento/Setup/Model/Installer.php(894): Magento\Setup\Model\Installer->declarativeInstallSchema()
#12 [internal function]: Magento\Setup\Model\Installer->installSchema()
#13 /home/cloudpanel/htdocs/sachin.mgtcommerce.com/setup/src/Magento/Setup/Model/Installer.php(385): call_user_func_array()
#14 /home/cloudpanel/htdocs/sachin.mgtcommerce.com/setup/src/Magento/Setup/Console/Command/InstallCommand.php(238): Magento\Setup\Model\Installer->install()
#15 /home/cloudpanel/htdocs/sachin.mgtcommerce.com/vendor/symfony/console/Command/Command.php(255): Magento\Setup\Console\Command\InstallCommand->execute()
#16 /home/cloudpanel/htdocs/sachin.mgtcommerce.com/vendor/symfony/console/Application.php(1021): Symfony\Component\Console\Command\Command->run()
#17 /home/cloudpanel/htdocs/sachin.mgtcommerce.com/vendor/symfony/console/Application.php(275): Symfony\Component\Console\Application->doRunCommand()
#18 /home/cloudpanel/htdocs/sachin.mgtcommerce.com/vendor/magento/framework/Console/Cli.php(115): Symfony\Component\Console\Application->doRun()
#19 /home/cloudpanel/htdocs/sachin.mgtcommerce.com/vendor/symfony/console/Application.php(149): Magento\Framework\Console\Cli->doRun()
#20 /home/cloudpanel/htdocs/sachin.mgtcommerce.com/bin/magento(23): Symfony\Component\Console\Application->run()
#21 {main} [] []
[2022-11-17T04:02:06.633075+00:00] main.DEBUG: cache_invalidate:  {"method":"GET","url":"http:/","invalidateInfo":{"tags":["CONFIG"],"mode":"matchingTag"}} []
[2022-11-17T04:02:06.633477+00:00] main.DEBUG: cache_invalidate:  {"method":"GET","url":"http:/","invalidateInfo":{"tags":["LAYOUT_GENERAL_CACHE_TAG"],"mode":"matchingTag"}} []
[2022-11-17T04:02:06.634084+00:00] main.DEBUG: cache_invalidate:  {"method":"GET","url":"http:/","invalidateInfo":{"tags":["BLOCK_HTML"],"mode":"matchingTag"}} []
[2022-11-17T04:02:06.634752+00:00] main.DEBUG: cache_invalidate:  {"method":"GET","url":"http:/","invalidateInfo":{"tags":["COLLECTION_DATA"],"mode":"matchingTag"}} []
[2022-11-17T04:02:06.635644+00:00] main.DEBUG: cache_invalidate:  {"method":"GET","url":"http:/","invalidateInfo":{"tags":["REFLECTION"],"mode":"matchingTag"}} []
[2022-11-17T04:02:06.636267+00:00] main.DEBUG: cache_invalidate:  {"method":"GET","url":"http:/","invalidateInfo":{"tags":["DB_DDL"],"mode":"matchingTag"}} []
[2022-11-17T04:02:06.637171+00:00] main.DEBUG: cache_invalidate:  {"method":"GET","url":"http:/","invalidateInfo":{"tags":["COMPILED_CONFIG"],"mode":"matchingTag"}} []
[2022-11-17T04:02:06.637822+00:00] main.DEBUG: cache_invalidate:  {"method":"GET","url":"http:/","invalidateInfo":{"tags":["EAV"],"mode":"matchingTag"}} []
[2022-11-17T04:02:06.638551+00:00] main.DEBUG: cache_invalidate:  {"method":"GET","url":"http:/","invalidateInfo":{"tags":["CUSTOMER_NOTIFICATION"],"mode":"matchingTag"}} []
[2022-11-17T04:02:06.639357+00:00] main.DEBUG: cache_invalidate:  {"method":"GET","url":"http:/","invalidateInfo":{"tags":["INTEGRATION"],"mode":"matchingTag"}} []
[2022-11-17T04:02:06.639986+00:00] main.DEBUG: cache_invalidate:  {"method":"GET","url":"http:/","invalidateInfo":{"tags":["INTEGRATION_API_CONFIG"],"mode":"matchingTag"}} []
[2022-11-17T04:02:06.704384+00:00] main.DEBUG: cache_invalidate:  {"method":"GET","url":"http:/","invalidateInfo":{"tags":["FPC"],"mode":"matchingTag"}} []
[2022-11-17T04:02:06.704678+00:00] main.DEBUG: cache_invalidate:  {"method":"GET","url":"http:/","invalidateInfo":{"tags":["WEBSERVICE"],"mode":"matchingTag"}} []
[2022-11-17T04:02:06.705426+00:00] main.DEBUG: cache_invalidate:  {"method":"GET","url":"http:/","invalidateInfo":{"tags":["TRANSLATE"],"mode":"matchingTag"}} []
[2022-11-17T04:02:10.365011+00:00] main.DEBUG: cache_invalidate:  {"method":"GET","url":"http:/","invalidateInfo":{"tags":["BACKEND_MAINMENU"],"mode":"matchingTag"}} []
[2022-11-17T04:02:10.365124+00:00] main.DEBUG: cache_invalidate:  {"method":"GET","url":"http:/","invalidateInfo":{"tags":["user_assigned_role"],"mode":"matchingAnyTag"}} []
[2022-11-17T04:02:10.404150+00:00] main.DEBUG: cache_invalidate:  {"method":"GET","url":"http:/","invalidateInfo":{"tags":["EAV"],"mode":"matchingAnyTag"}} []
[2022-11-17T04:02:10.408805+00:00] main.DEBUG: cache_invalidate:  {"method":"GET","url":"http:/","invalidateInfo":{"tags":["EAV","EAV_ATTRIBUTE"],"mode":"matchingAnyTag"}} []
[2022-11-17T04:02:10.480603+00:00] main.DEBUG: cache_invalidate:  {"method":"GET","url":"http:/","invalidateInfo":{"tags":["EAV","EAV_ATTRIBUTE"],"mode":"matchingAnyTag"}} []
[2022-11-17T04:02:10.534386+00:00] main.DEBUG: cache_invalidate:  {"method":"GET","url":"http:/","invalidateInfo":{"tags":["EAV","EAV_ATTRIBUTE"],"mode":"matchingAnyTag"}} []
[2022-11-17T04:02:10.536631+00:00] main.DEBUG: cache_invalidate:  {"method":"GET","url":"http:/","invalidateInfo":{"tags":["EAV","EAV_ATTRIBUTE"],"mode":"matchingAnyTag"}} []
[2022-11-17T04:02:10.536746+00:00] main.DEBUG: cache_invalidate:  {"method":"GET","url":"http:/","invalidateInfo":{"tags":["EAV","EAV_ATTRIBUTE"],"mode":"matchingAnyTag"}} []
[2022-11-17T04:02:10.536839+00:00] main.DEBUG: cache_invalidate:  {"method":"GET","url":"http:/","invalidateInfo":{"tags":["EAV_ATTRIBUTE"],"mode":"matchingAnyTag"}} []
[2022-11-17T04:02:10.561153+00:00] main.DEBUG: cache_invalidate:  {"method":"GET","url":"http:/","invalidateInfo":{"tags":["EAV","EAV_ATTRIBUTE"],"mode":"matchingAnyTag"}} []
[2022-11-17T04:02:10.561299+00:00] main.DEBUG: cache_invalidate:  {"method":"GET","url":"http:/","invalidateInfo":{"tags":["EAV","EAV_ATTRIBUTE"],"mode":"matchingAnyTag"}} []
[2022-11-17T04:02:10.561391+00:00] main.DEBUG: cache_invalidate:  {"method":"GET","url":"http:/","invalidateInfo":{"tags":["EAV","EAV_ATTRIBUTE"],"mode":"matchingAnyTag"}} []
[2022-11-17T04:02:10.561482+00:00] main.DEBUG: cache_invalidate:  {"method":"GET","url":"http:/","invalidateInfo":{"tags":["EAV_ATTRIBUTE"],"mode":"matchingAnyTag"}} []
[2022-11-17T04:02:10.563084+00:00] main.DEBUG: cache_invalidate:  {"method":"GET","url":"http:/","invalidateInfo":{"tags":["EAV","EAV_ATTRIBUTE"],"mode":"matchingAnyTag"}} []
[2022-11-17T04:02:10.564349+00:00] main.DEBUG: cache_invalidate:  {"method":"GET","url":"http:/","invalidateInfo":{"tags":["EAV","EAV_ATTRIBUTE"],"mode":"matchingAnyTag"}} []
[2022-11-17T04:02:10.583982+00:00] main.DEBUG: cache_invalidate:  {"method":"GET","url":"http:/","invalidateInfo":{"tags":["EAV","EAV_ATTRIBUTE"],"mode":"matchingAnyTag"}} []
[2022-11-17T04:02:10.584126+00:00] main.DEBUG: cache_invalidate:  {"method":"GET","url":"http:/","invalidateInfo":{"tags":["EAV","EAV_ATTRIBUTE"],"mode":"matchingAnyTag"}} []
[2022-11-17T04:02:10.584217+00:00] main.DEBUG: cache_invalidate:  {"method":"GET","url":"http:/","invalidateInfo":{"tags":["EAV","EAV_ATTRIBUTE"],"mode":"matchingAnyTag"}} []
[2022-11-17T04:02:10.584300+00:00] main.DEBUG: cache_invalidate:  {"method":"GET","url":"http:/","invalidateInfo":{"tags":["EAV_ATTRIBUTE"],"mode":"matchingAnyTag"}} []
[2022-11-17T04:02:10.590011+00:00] main.DEBUG: cache_invalidate:  {"method":"GET","url":"http:/","invalidateInfo":{"tags":["EAV","EAV_ATTRIBUTE"],"mode":"matchingAnyTag"}} []
[2022-11-17T04:02:10.590148+00:00] main.DEBUG: cache_invalidate:  {"method":"GET","url":"http:/","invalidateInfo":{"tags":["EAV","EAV_ATTRIBUTE"],"mode":"matchingAnyTag"}} []
[2022-11-17T04:02:10.590242+00:00] main.DEBUG: cache_invalidate:  {"method":"GET","url":"http:/","invalidateInfo":{"tags":["EAV","EAV_ATTRIBUTE"],"mode":"matchingAnyTag"}} []
[2022-11-17T04:02:10.590324+00:00] main.DEBUG: cache_invalidate:  {"method":"GET","url":"http:/","invalidateInfo":{"tags":["EAV_ATTRIBUTE"],"mode":"matchingAnyTag"}} []
[2022-11-17T04:02:10.595683+00:00] main.DEBUG: cache_invalidate:  {"method":"GET","url":"http:/","invalidateInfo":{"tags":["EAV","EAV_ATTRIBUTE"],"mode":"matchingAnyTag"}} []
[2022-11-17T04:02:10.595823+00:00] main.DEBUG: cache_invalidate:  {"method":"GET","url":"http:/","invalidateInfo":{"tags":["EAV","EAV_ATTRIBUTE"],"mode":"matchingAnyTag"}} []
[2022-11-17T04:02:10.595915+00:00] main.DEBUG: cache_invalidate:  {"method":"GET","url":"http:/","invalidateInfo":{"tags":["EAV","EAV_ATTRIBUTE"],"mode":"matchingAnyTag"}} []
[2022-11-17T04:02:10.595995+00:00] main.DEBUG: cache_invalidate:  {"method":"GET","url":"http:/","invalidateInfo":{"tags":["EAV_ATTRIBUTE"],"mode":"matchingAnyTag"}} []
[2022-11-17T04:02:10.601152+00:00] main.DEBUG: cache_invalidate:  {"method":"GET","url":"http:/","invalidateInfo":{"tags":["EAV","EAV_ATTRIBUTE"],"mode":"matchingAnyTag"}} []
[2022-11-17T04:02:10.601288+00:00] main.DEBUG: cache_invalidate:  {"method":"GET","url":"http:/","invalidateInfo":{"tags":["EAV","EAV_ATTRIBUTE"],"mode":"matchingAnyTag"}} []
[2022-11-17T04:02:10.601382+00:00] main.DEBUG: cache_invalidate:  {"method":"GET","url":"http:/","invalidateInfo":{"tags":["EAV","EAV_ATTRIBUTE"],"mode":"matchingAnyTag"}} []
[2022-11-17T04:02:10.601465+00:00] main.DEBUG: cache_invalidate:  {"method":"GET","url":"http:/","invalidateInfo":{"tags":["EAV_ATTRIBUTE"],"mode":"matchingAnyTag"}} []
[2022-11-17T04:02:10.606651+00:00] main.DEBUG: cache_invalidate:  {"method":"GET","url":"http:/","invalidateInfo":{"tags":["EAV","EAV_ATTRIBUTE"],"mode":"matchingAnyTag"}} []
[2022-11-17T04:02:10.606787+00:00] main.DEBUG: cache_invalidate:  {"method":"GET","url":"http:/","invalidateInfo":{"tags":["EAV","EAV_ATTRIBUTE"],"mode":"matchingAnyTag"}} []
[2022-11-17T04:02:10.606878+00:00] main.DEBUG: cache_invalidate:  {"method":"GET","url":"http:/","invalidateInfo":{"tags":["EAV","EAV_ATTRIBUTE"],"mode":"matchingAnyTag"}} []
[2022-11-17T04:02:10.606960+00:00] main.DEBUG: cache_invalidate:  {"method":"GET","url":"http:/","invalidateInfo":{"tags":["EAV_ATTRIBUTE"],"mode":"matchingAnyTag"}} []
[2022-11-17T04:02:10.612405+00:00] main.DEBUG: cache_invalidate:  {"method":"GET","url":"http:/","invalidateInfo":{"tags":["EAV","EAV_ATTRIBUTE"],"mode":"matchingAnyTag"}} []
[2022-11-17T04:02:10.612553+00:00] main.DEBUG: cache_invalidate:  {"method":"GET","url":"http:/","invalidateInfo":{"tags":["EAV","EAV_ATTRIBUTE"],"mode":"matchingAnyTag"}} []
[2022-11-17T04:02:10.612647+00:00] main.DEBUG: cache_invalidate:  {"method":"GET","url":"http:/","invalidateInfo":{"tags":["EAV","EAV_ATTRIBUTE"],"mode":"matchingAnyTag"}} []
[2022-11-17T04:02:10.612728+00:00] main.DEBUG: cache_invalidate:  {"method":"GET","url":"http:/","invalidateInfo":{"tags":["EAV_ATTRIBUTE"],"mode":"matchingAnyTag"}} []
[2022-11-17T04:02:10.618049+00:00] main.DEBUG: cache_invalidate:  {"method":"GET","url":"http:/","invalidateInfo":{"tags":["EAV","EAV_ATTRIBUTE"],"mode":"matchingAnyTag"}} []
[2022-11-17T04:02:10.618191+00:00] main.DEBUG: cache_invalidate:  {"method":"GET","url":"http:/","invalidateInfo":{"tags":["EAV","EAV_ATTRIBUTE"],"mode":"matchingAnyTag"}} []
[2022-11-17T04:02:10.618286+00:00] main.DEBUG: cache_invalidate:  {"method":"GET","url":"http:/","invalidateInfo":{"tags":["EAV","EAV_ATTRIBUTE"],"mode":"matchingAnyTag"}} []
[2022-11-17T04:02:10.618368+00:00] main.DEBUG: cache_invalidate:  {"method":"GET","url":"http:/","invalidateInfo":{"tags":["EAV_ATTRIBUTE"],"mode":"matchingAnyTag"}} []
[2022-11-17T04:02:10.623921+00:00] main.DEBUG: cache_invalidate:  {"method":"GET","url":"http:/","invalidateInfo":{"tags":["EAV","EAV_ATTRIBUTE"],"mode":"matchingAnyTag"}} []
[2022-11-17T04:02:10.624062+00:00] main.DEBUG: cache_invalidate:  {"method":"GET","url":"http:/","invalidateInfo":{"tags":["EAV","EAV_ATTRIBUTE"],"mode":"matchingAnyTag"}} []
[2022-11-17T04:02:10.624158+00:00] main.DEBUG: cache_invalidate:  {"method":"GET","url":"http:/","invalidateInfo":{"tags":["EAV","EAV_ATTRIBUTE"],"mode":"matchingAnyTag"}} []
[2022-11-17T04:02:10.624244+00:00] main.DEBUG: cache_invalidate:  {"method":"GET","url":"http:/","invalidateInfo":{"tags":["EAV_ATTRIBUTE"],"mode":"matchingAnyTag"}} []
[2022-11-17T04:02:10.629703+00:00] main.DEBUG: cache_invalidate:  {"method":"GET","url":"http:/","invalidateInfo":{"tags":["EAV","EAV_ATTRIBUTE"],"mode":"matchingAnyTag"}} []
[2022-11-17T04:02:10.629842+00:00] main.DEBUG: cache_invalidate:  {"method":"GET","url":"http:/","invalidateInfo":{"tags":["EAV","EAV_ATTRIBUTE"],"mode":"matchingAnyTag"}} []
[2022-11-17T04:02:10.629949+00:00] main.DEBUG: cache_invalidate:  {"method":"GET","url":"http:/","invalidateInfo":{"tags":["EAV","EAV_ATTRIBUTE"],"mode":"matchingAnyTag"}} []
[2022-11-17T04:02:10.630036+00:00] main.DEBUG: cache_invalidate:  {"method":"GET","url":"http:/","invalidateInfo":{"tags":["EAV_ATTRIBUTE"],"mode":"matchingAnyTag"}} []
[2022-11-17T04:02:10.641600+00:00] main.DEBUG: cache_invalidate:  {"method":"GET","url":"http:/","invalidateInfo":{"tags":["EAV","EAV_ATTRIBUTE"],"mode":"matchingAnyTag"}} []
[2022-11-17T04:02:10.641747+00:00] main.DEBUG: cache_invalidate:  {"method":"GET","url":"http:/","invalidateInfo":{"tags":["EAV","EAV_ATTRIBUTE"],"mode":"matchingAnyTag"}} []
[2022-11-17T04:02:10.641845+00:00] main.DEBUG: cache_invalidate:  {"method":"GET","url":"http:/","invalidateInfo":{"tags":["EAV","EAV_ATTRIBUTE"],"mode":"matchingAnyTag"}} []
[2022-11-17T04:02:10.641933+00:00] main.DEBUG: cache_invalidate:  {"method":"GET","url":"http:/","invalidateInfo":{"tags":["EAV_ATTRIBUTE"],"mode":"matchingAnyTag"}} []
[2022-11-17T04:02:10.647344+00:00] main.DEBUG: cache_invalidate:  {"method":"GET","url":"http:/","invalidateInfo":{"tags":["EAV","EAV_ATTRIBUTE"],"mode":"matchingAnyTag"}} []
[2022-11-17T04:02:10.647487+00:00] main.DEBUG: cache_invalidate:  {"method":"GET","url":"http:/","invalidateInfo":{"tags":["EAV","EAV_ATTRIBUTE"],"mode":"matchingAnyTag"}} []
[2022-11-17T04:02:10.647581+00:00] main.DEBUG: cache_invalidate:  {"method":"GET","url":"http:/","invalidateInfo":{"tags":["EAV","EAV_ATTRIBUTE"],"mode":"matchingAnyTag"}} []
[2022-11-17T04:02:10.647707+00:00] main.DEBUG: cache_invalidate:  {"method":"GET","url":"http:/","invalidateInfo":{"tags":["EAV_ATTRIBUTE"],"mode":"matchingAnyTag"}} []
[2022-11-17T04:02:10.653062+00:00] main.DEBUG: cache_invalidate:  {"method":"GET","url":"http:/","invalidateInfo":{"tags":["EAV","EAV_ATTRIBUTE"],"mode":"matchingAnyTag"}} []
[2022-11-17T04:02:10.653205+00:00] main.DEBUG: cache_invalidate:  {"method":"GET","url":"http:/","invalidateInfo":{"tags":["EAV","EAV_ATTRIBUTE"],"mode":"matchingAnyTag"}} []
[2022-11-17T04:02:10.653300+00:00] main.DEBUG: cache_invalidate:  {"method":"GET","url":"http:/","invalidateInfo":{"tags":["EAV","EAV_ATTRIBUTE"],"mode":"matchingAnyTag"}} []
[2022-11-17T04:02:10.653386+00:00] main.DEBUG: cache_invalidate:  {"method":"GET","url":"http:/","invalidateInfo":{"tags":["EAV_ATTRIBUTE"],"mode":"matchingAnyTag"}} []
[2022-11-17T04:02:10.658936+00:00] main.DEBUG: cache_invalidate:  {"method":"GET","url":"http:/","invalidateInfo":{"tags":["EAV","EAV_ATTRIBUTE"],"mode":"matchingAnyTag"}} []
[2022-11-17T04:02:10.659078+00:00] main.DEBUG: cache_invalidate:  {"method":"GET","url":"http:/","invalidateInfo":{"tags":["EAV","EAV_ATTRIBUTE"],"mode":"matchingAnyTag"}} []
[2022-11-17T04:02:10.659175+00:00] main.DEBUG: cache_invalidate:  {"method":"GET","url":"http:/","invalidateInfo":{"tags":["EAV","EAV_ATTRIBUTE"],"mode":"matchingAnyTag"}} []
[2022-11-17T04:02:10.659260+00:00] main.DEBUG: cache_invalidate:  {"method":"GET","url":"http:/","invalidateInfo":{"tags":["EAV_ATTRIBUTE"],"mode":"matchingAnyTag"}} []
[2022-11-17T04:02:10.664881+00:00] main.DEBUG: cache_invalidate:  {"method":"GET","url":"http:/","invalidateInfo":{"tags":["EAV","EAV_ATTRIBUTE"],"mode":"matchingAnyTag"}} []
[2022-11-17T04:02:10.665022+00:00] main.DEBUG: cache_invalidate:  {"method":"GET","url":"http:/","invalidateInfo":{"tags":["EAV","EAV_ATTRIBUTE"],"mode":"matchingAnyTag"}} []
[2022-11-17T04:02:10.665118+00:00] main.DEBUG: cache_invalidate:  {"method":"GET","url":"http:/","invalidateInfo":{"tags":["EAV","EAV_ATTRIBUTE"],"mode":"matchingAnyTag"}} []
[2022-11-17T04:02:10.665201+00:00] main.DEBUG: cache_invalidate:  {"method":"GET","url":"http:/","invalidateInfo":{"tags":["EAV_ATTRIBUTE"],"mode":"matchingAnyTag"}} []
[2022-11-17T04:02:10.670725+00:00] main.DEBUG: cache_invalidate:  {"method":"GET","url":"http:/","invalidateInfo":{"tags":["EAV","EAV_ATTRIBUTE"],"mode":"matchingAnyTag"}} []
[2022-11-17T04:02:10.670868+00:00] main.DEBUG: cache_invalidate:  {"method":"GET","url":"http:/","invalidateInfo":{"tags":["EAV","EAV_ATTRIBUTE"],"mode":"matchingAnyTag"}} []
[2022-11-17T04:02:10.670965+00:00] main.DEBUG: cache_invalidate:  {"method":"GET","url":"http:/","invalidateInfo":{"tags":["EAV","EAV_ATTRIBUTE"],"mode":"matchingAnyTag"}} []
[2022-11-17T04:02:10.671052+00:00] main.DEBUG: cache_invalidate:  {"method":"GET","url":"http:/","invalidateInfo":{"tags":["EAV_ATTRIBUTE"],"mode":"matchingAnyTag"}} []
[2022-11-17T04:02:10.676451+00:00] main.DEBUG: cache_invalidate:  {"method":"GET","url":"http:/","invalidateInfo":{"tags":["EAV","EAV_ATTRIBUTE"],"mode":"matchingAnyTag"}} []
[2022-11-17T04:02:10.676594+00:00] main.DEBUG: cache_invalidate:  {"method":"GET","url":"http:/","invalidateInfo":{"tags":["EAV","EAV_ATTRIBUTE"],"mode":"matchingAnyTag"}} []
[2022-11-17T04:02:10.676691+00:00] main.DEBUG: cache_invalidate:  {"method":"GET","url":"http:/","invalidateInfo":{"tags":["EAV","EAV_ATTRIBUTE"],"mode":"matchingAnyTag"}} []
[2022-11-17T04:02:10.676776+00:00] main.DEBUG: cache_invalidate:  {"method":"GET","url":"http:/","invalidateInfo":{"tags":["EAV_ATTRIBUTE"],"mode":"matchingAnyTag"}} []
[2022-11-17T04:02:10.681912+00:00] main.DEBUG: cache_invalidate:  {"method":"GET","url":"http:/","invalidateInfo":{"tags":["EAV","EAV_ATTRIBUTE"],"mode":"matchingAnyTag"}} []
[2022-11-17T04:02:10.682054+00:00] main.DEBUG: cache_invalidate:  {"method":"GET","url":"http:/","invalidateInfo":{"tags":["EAV","EAV_ATTRIBUTE"],"mode":"matchingAnyTag"}} []
[2022-11-17T04:02:10.682150+00:00] main.DEBUG: cache_invalidate:  {"method":"GET","url":"http:/","invalidateInfo":{"tags":["EAV","EAV_ATTRIBUTE"],"mode":"matchingAnyTag"}} []
[2022-11-17T04:02:10.682234+00:00] main.DEBUG: cache_invalidate:  {"method":"GET","url":"http:/","invalidateInfo":{"tags":["EAV_ATTRIBUTE"],"mode":"matchingAnyTag"}} []
[2022-11-17T04:02:10.687669+00:00] main.DEBUG: cache_invalidate:  {"method":"GET","url":"http:/","invalidateInfo":{"tags":["EAV","EAV_ATTRIBUTE"],"mode":"matchingAnyTag"}} []
[2022-11-17T04:02:10.687817+00:00] main.DEBUG: cache_invalidate:  {"method":"GET","url":"http:/","invalidateInfo":{"tags":["EAV","EAV_ATTRIBUTE"],"mode":"matchingAnyTag"}} []
[2022-11-17T04:02:10.687912+00:00] main.DEBUG: cache_invalidate:  {"method":"GET","url":"http:/","invalidateInfo":{"tags":["EAV","EAV_ATTRIBUTE"],"mode":"matchingAnyTag"}} []
[2022-11-17T04:02:10.687999+00:00] main.DEBUG: cache_invalidate:  {"method":"GET","url":"http:/","invalidateInfo":{"tags":["EAV_ATTRIBUTE"],"mode":"matchingAnyTag"}} []
[2022-11-17T04:02:10.702802+00:00] main.DEBUG: cache_invalidate:  {"method":"GET","url":"http:/","invalidateInfo":{"tags":["EAV","EAV_ATTRIBUTE"],"mode":"matchingAnyTag"}} []
[2022-11-17T04:02:10.702945+00:00] main.DEBUG: cache_invalidate:  {"method":"GET","url":"http:/","invalidateInfo":{"tags":["EAV","EAV_ATTRIBUTE"],"mode":"matchingAnyTag"}} []
[2022-11-17T04:02:10.703043+00:00] main.DEBUG: cache_invalidate:  {"method":"GET","url":"http:/","invalidateInfo":{"tags":["EAV","EAV_ATTRIBUTE"],"mode":"matchingAnyTag"}} []
[2022-11-17T04:02:10.703133+00:00] main.DEBUG: cache_invalidate:  {"method":"GET","url":"http:/","invalidateInfo":{"tags":["EAV_ATTRIBUTE"],"mode":"matchingAnyTag"}} []
[2022-11-17T04:02:10.708712+00:00] main.DEBUG: cache_invalidate:  {"method":"GET","url":"http:/","invalidateInfo":{"tags":["EAV","EAV_ATTRIBUTE"],"mode":"matchingAnyTag"}} []
[2022-11-17T04:02:10.708861+00:00] main.DEBUG: cache_invalidate:  {"method":"GET","url":"http:/","invalidateInfo":{"tags":["EAV","EAV_ATTRIBUTE"],"mode":"matchingAnyTag"}} []
[2022-11-17T04:02:10.708962+00:00] main.DEBUG: cache_invalidate:  {"method":"GET","url":"http:/","invalidateInfo":{"tags":["EAV","EAV_ATTRIBUTE"],"mode":"matchingAnyTag"}} []
[2022-11-17T04:02:10.709050+00:00] main.DEBUG: cache_invalidate:  {"method":"GET","url":"http:/","invalidateInfo":{"tags":["EAV_ATTRIBUTE"],"mode":"matchingAnyTag"}} []
[2022-11-17T04:02:10.714327+00:00] main.DEBUG: cache_invalidate:  {"method":"GET","url":"http:/","invalidateInfo":{"tags":["EAV","EAV_ATTRIBUTE"],"mode":"matchingAnyTag"}} []
[2022-11-17T04:02:10.714475+00:00] main.DEBUG: cache_invalidate:  {"method":"GET","url":"http:/","invalidateInfo":{"tags":["EAV","EAV_ATTRIBUTE"],"mode":"matchingAnyTag"}} []
[2022-11-17T04:02:10.714575+00:00] main.DEBUG: cache_invalidate:  {"method":"GET","url":"http:/","invalidateInfo":{"tags":["EAV","EAV_ATTRIBUTE"],"mode":"matchingAnyTag"}} []
[2022-11-17T04:02:10.714664+00:00] main.DEBUG: cache_invalidate:  {"method":"GET","url":"http:/","invalidateInfo":{"tags":["EAV_ATTRIBUTE"],"mode":"matchingAnyTag"}} []
[2022-11-17T04:02:10.729432+00:00] main.DEBUG: cache_invalidate:  {"method":"GET","url":"http:/","invalidateInfo":{"tags":["EAV","EAV_ATTRIBUTE"],"mode":"matchingAnyTag"}} []
[2022-11-17T04:02:10.729584+00:00] main.DEBUG: cache_invalidate:  {"method":"GET","url":"http:/","invalidateInfo":{"tags":["EAV","EAV_ATTRIBUTE"],"mode":"matchingAnyTag"}} []
[2022-11-17T04:02:10.729684+00:00] main.DEBUG: cache_invalidate:  {"method":"GET","url":"http:/","invalidateInfo":{"tags":["EAV","EAV_ATTRIBUTE"],"mode":"matchingAnyTag"}} []
[2022-11-17T04:02:10.729771+00:00] main.DEBUG: cache_invalidate:  {"method":"GET","url":"http:/","invalidateInfo":{"tags":["EAV_ATTRIBUTE"],"mode":"matchingAnyTag"}} []
[2022-11-17T04:02:10.765432+00:00] main.DEBUG: cache_invalidate:  {"method":"GET","url":"http:/","invalidateInfo":{"tags":["EAV","EAV_ATTRIBUTE"],"mode":"matchingAnyTag"}} []
[2022-11-17T04:02:10.765602+00:00] main.DEBUG: cache_invalidate:  {"method":"GET","url":"http:/","invalidateInfo":{"tags":["EAV","EAV_ATTRIBUTE"],"mode":"matchingAnyTag"}} []
[2022-11-17T04:02:10.765703+00:00] main.DEBUG: cache_invalidate:  {"method":"GET","url":"http:/","invalidateInfo":{"tags":["EAV","EAV_ATTRIBUTE"],"mode":"matchingAnyTag"}} []
[2022-11-17T04:02:10.765813+00:00] main.DEBUG: cache_invalidate:  {"method":"GET","url":"http:/","invalidateInfo":{"tags":["EAV_ATTRIBUTE"],"mode":"matchingAnyTag"}} []
[2022-11-17T04:02:10.771047+00:00] main.DEBUG: cache_invalidate:  {"method":"GET","url":"http:/","invalidateInfo":{"tags":["EAV","EAV_ATTRIBUTE"],"mode":"matchingAnyTag"}} []
[2022-11-17T04:02:10.771197+00:00] main.DEBUG: cache_invalidate:  {"method":"GET","url":"http:/","invalidateInfo":{"tags":["EAV","EAV_ATTRIBUTE"],"mode":"matchingAnyTag"}} []
[2022-11-17T04:02:10.771299+00:00] main.DEBUG: cache_invalidate:  {"method":"GET","url":"http:/","invalidateInfo":{"tags":["EAV","EAV_ATTRIBUTE"],"mode":"matchingAnyTag"}} []
[2022-11-17T04:02:10.771390+00:00] main.DEBUG: cache_invalidate:  {"method":"GET","url":"http:/","invalidateInfo":{"tags":["EAV_ATTRIBUTE"],"mode":"matchingAnyTag"}} []
[2022-11-17T04:02:10.776278+00:00] main.DEBUG: cache_invalidate:  {"method":"GET","url":"http:/","invalidateInfo":{"tags":["EAV","EAV_ATTRIBUTE"],"mode":"matchingAnyTag"}} []
[2022-11-17T04:02:10.776441+00:00] main.DEBUG: cache_invalidate:  {"method":"GET","url":"http:/","invalidateInfo":{"tags":["EAV","EAV_ATTRIBUTE"],"mode":"matchingAnyTag"}} []
[2022-11-17T04:02:10.776546+00:00] main.DEBUG: cache_invalidate:  {"method":"GET","url":"http:/","invalidateInfo":{"tags":["EAV","EAV_ATTRIBUTE"],"mode":"matchingAnyTag"}} []
[2022-11-17T04:02:10.776637+00:00] main.DEBUG: cache_invalidate:  {"method":"GET","url":"http:/","invalidateInfo":{"tags":["EAV_ATTRIBUTE"],"mode":"matchingAnyTag"}} []
[2022-11-17T04:02:10.781569+00:00] main.DEBUG: cache_invalidate:  {"method":"GET","url":"http:/","invalidateInfo":{"tags":["EAV","EAV_ATTRIBUTE"],"mode":"matchingAnyTag"}} []
[2022-11-17T04:02:10.781714+00:00] main.DEBUG: cache_invalidate:  {"method":"GET","url":"http:/","invalidateInfo":{"tags":["EAV","EAV_ATTRIBUTE"],"mode":"matchingAnyTag"}} []
[2022-11-17T04:02:10.781814+00:00] main.DEBUG: cache_invalidate:  {"method":"GET","url":"http:/","invalidateInfo":{"tags":["EAV","EAV_ATTRIBUTE"],"mode":"matchingAnyTag"}} []
[2022-11-17T04:02:10.781902+00:00] main.DEBUG: cache_invalidate:  {"method":"GET","url":"http:/","invalidateInfo":{"tags":["EAV_ATTRIBUTE"],"mode":"matchingAnyTag"}} []
[2022-11-17T04:02:10.792467+00:00] main.DEBUG: cache_invalidate:  {"method":"GET","url":"http:/","invalidateInfo":{"tags":["EAV","EAV_ATTRIBUTE"],"mode":"matchingAnyTag"}} []
[2022-11-17T04:02:10.792616+00:00] main.DEBUG: cache_invalidate:  {"method":"GET","url":"http:/","invalidateInfo":{"tags":["EAV","EAV_ATTRIBUTE"],"mode":"matchingAnyTag"}} []
[2022-11-17T04:02:10.792717+00:00] main.DEBUG: cache_invalidate:  {"method":"GET","url":"http:/","invalidateInfo":{"tags":["EAV","EAV_ATTRIBUTE"],"mode":"matchingAnyTag"}} []
[2022-11-17T04:02:10.792806+00:00] main.DEBUG: cache_invalidate:  {"method":"GET","url":"http:/","invalidateInfo":{"tags":["EAV_ATTRIBUTE"],"mode":"matchingAnyTag"}} []
[2022-11-17T04:02:10.797688+00:00] main.DEBUG: cache_invalidate:  {"method":"GET","url":"http:/","invalidateInfo":{"tags":["EAV","EAV_ATTRIBUTE"],"mode":"matchingAnyTag"}} []
[2022-11-17T04:02:10.797833+00:00] main.DEBUG: cache_invalidate:  {"method":"GET","url":"http:/","invalidateInfo":{"tags":["EAV","EAV_ATTRIBUTE"],"mode":"matchingAnyTag"}} []
[2022-11-17T04:02:10.797933+00:00] main.DEBUG: cache_invalidate:  {"method":"GET","url":"http:/","invalidateInfo":{"tags":["EAV","EAV_ATTRIBUTE"],"mode":"matchingAnyTag"}} []
[2022-11-17T04:02:10.798024+00:00] main.DEBUG: cache_invalidate:  {"method":"GET","url":"http:/","invalidateInfo":{"tags":["EAV_ATTRIBUTE"],"mode":"matchingAnyTag"}} []
[2022-11-17T04:02:10.803446+00:00] main.DEBUG: cache_invalidate:  {"method":"GET","url":"http:/","invalidateInfo":{"tags":["EAV","EAV_ATTRIBUTE"],"mode":"matchingAnyTag"}} []
[2022-11-17T04:02:10.803611+00:00] main.DEBUG: cache_invalidate:  {"method":"GET","url":"http:/","invalidateInfo":{"tags":["EAV","EAV_ATTRIBUTE"],"mode":"matchingAnyTag"}} []
[2022-11-17T04:02:10.803726+00:00] main.DEBUG: cache_invalidate:  {"method":"GET","url":"http:/","invalidateInfo":{"tags":["EAV","EAV_ATTRIBUTE"],"mode":"matchingAnyTag"}} []
[2022-11-17T04:02:10.803829+00:00] main.DEBUG: cache_invalidate:  {"method":"GET","url":"http:/","invalidateInfo":{"tags":["EAV_ATTRIBUTE"],"mode":"matchingAnyTag"}} []
[2022-11-17T04:02:10.809259+00:00] main.DEBUG: cache_invalidate:  {"method":"GET","url":"http:/","invalidateInfo":{"tags":["EAV","EAV_ATTRIBUTE"],"mode":"matchingAnyTag"}} []
[2022-11-17T04:02:10.809409+00:00] main.DEBUG: cache_invalidate:  {"method":"GET","url":"http:/","invalidateInfo":{"tags":["EAV","EAV_ATTRIBUTE"],"mode":"matchingAnyTag"}} []
[2022-11-17T04:02:10.809510+00:00] main.DEBUG: cache_invalidate:  {"method":"GET","url":"http:/","invalidateInfo":{"tags":["EAV","EAV_ATTRIBUTE"],"mode":"matchingAnyTag"}} []
[2022-11-17T04:02:10.809601+00:00] main.DEBUG: cache_invalidate:  {"method":"GET","url":"http:/","invalidateInfo":{"tags":["EAV_ATTRIBUTE"],"mode":"matchingAnyTag"}} []
[2022-11-17T04:02:10.814954+00:00] main.DEBUG: cache_invalidate:  {"method":"GET","url":"http:/","invalidateInfo":{"tags":["EAV","EAV_ATTRIBUTE"],"mode":"matchingAnyTag"}} []
[2022-11-17T04:02:10.815104+00:00] main.DEBUG: cache_invalidate:  {"method":"GET","url":"http:/","invalidateInfo":{"tags":["EAV","EAV_ATTRIBUTE"],"mode":"matchingAnyTag"}} []
[2022-11-17T04:02:10.815204+00:00] main.DEBUG: cache_invalidate:  {"method":"GET","url":"http:/","invalidateInfo":{"tags":["EAV","EAV_ATTRIBUTE"],"mode":"matchingAnyTag"}} []
[2022-11-17T04:02:10.815294+00:00] main.DEBUG: cache_invalidate:  {"method":"GET","url":"http:/","invalidateInfo":{"tags":["EAV_ATTRIBUTE"],"mode":"matchingAnyTag"}} []
[2022-11-17T04:02:10.820614+00:00] main.DEBUG: cache_invalidate:  {"method":"GET","url":"http:/","invalidateInfo":{"tags":["EAV","EAV_ATTRIBUTE"],"mode":"matchingAnyTag"}} []
[2022-11-17T04:02:10.820763+00:00] main.DEBUG: cache_invalidate:  {"method":"GET","url":"http:/","invalidateInfo":{"tags":["EAV","EAV_ATTRIBUTE"],"mode":"matchingAnyTag"}} []
[2022-11-17T04:02:10.820866+00:00] main.DEBUG: cache_invalidate:  {"method":"GET","url":"http:/","invalidateInfo":{"tags":["EAV","EAV_ATTRIBUTE"],"mode":"matchingAnyTag"}} []
[2022-11-17T04:02:10.820957+00:00] main.DEBUG: cache_invalidate:  {"method":"GET","url":"http:/","invalidateInfo":{"tags":["EAV_ATTRIBUTE"],"mode":"matchingAnyTag"}} []
[2022-11-17T04:02:10.909821+00:00] main.DEBUG: cache_invalidate:  {"method":"GET","url":"http:/","invalidateInfo":{"tags":["cms_p"],"mode":"matchingAnyTag"}} []
[2022-11-17T04:02:10.917873+00:00] main.DEBUG: cache_invalidate:  {"method":"GET","url":"http:/","invalidateInfo":{"tags":["cms_p"],"mode":"matchingAnyTag"}} []
[2022-11-17T04:02:10.922129+00:00] main.DEBUG: cache_invalidate:  {"method":"GET","url":"http:/","invalidateInfo":{"tags":["cms_p"],"mode":"matchingAnyTag"}} []
[2022-11-17T04:02:10.926187+00:00] main.DEBUG: cache_invalidate:  {"method":"GET","url":"http:/","invalidateInfo":{"tags":["cms_p"],"mode":"matchingAnyTag"}} []
[2022-11-17T04:02:10.944059+00:00] main.DEBUG: cache_invalidate:  {"method":"GET","url":"http:/","invalidateInfo":{"tags":["cms_p"],"mode":"matchingAnyTag"}} []
[2022-11-17T04:02:10.982148+00:00] main.DEBUG: cache_invalidate:  {"method":"GET","url":"http:/","invalidateInfo":{"tags":["EAV"],"mode":"matchingAnyTag"}} []
[2022-11-17T04:02:10.986168+00:00] main.DEBUG: cache_invalidate:  {"method":"GET","url":"http:/","invalidateInfo":{"tags":["EAV","EAV_ATTRIBUTE"],"mode":"matchingAnyTag"}} []
[2022-11-17T04:02:11.073972+00:00] main.DEBUG: cache_invalidate:  {"method":"GET","url":"http:/","invalidateInfo":{"tags":["EAV","EAV_ATTRIBUTE"],"mode":"matchingAnyTag"}} []
[2022-11-17T04:02:11.379407+00:00] main.DEBUG: cache_invalidate:  {"method":"GET","url":"http:/","invalidateInfo":{"tags":["cat_c_1","cat_c_p_1","cat_c"],"mode":"matchingAnyTag"}} []
[2022-11-17T04:02:11.388063+00:00] main.DEBUG: cache_invalidate:  {"method":"GET","url":"http:/","invalidateInfo":{"tags":["cat_c_1","cat_c","cat_c_p_1"],"mode":"matchingAnyTag"}} []
[2022-11-17T04:02:11.397581+00:00] main.DEBUG: cache_invalidate:  {"method":"GET","url":"http:/","invalidateInfo":{"tags":{"0":"cat_c_2","1":"cat_c_p_2","2":"cat_c_p_1","4":"cat_c"},"mode":"matchingAnyTag"}} []
[2022-11-17T04:02:11.397900+00:00] main.DEBUG: cache_invalidate:  {"method":"GET","url":"http:/","invalidateInfo":{"tags":["cat_c_2","cat_c_p_1","cat_c_p_2","cat_c"],"mode":"matchingAnyTag"}} []
[2022-11-17T04:02:11.541459+00:00] main.DEBUG: cache_invalidate:  {"method":"GET","url":"http:/","invalidateInfo":{"tags":["cat_c_1","cat_c_2"],"mode":"matchingAnyTag"}} []
[2022-11-17T04:02:11.672917+00:00] main.DEBUG: cache_invalidate:  {"method":"GET","url":"http:/","invalidateInfo":{"tags":["EAV","EAV_ATTRIBUTE"],"mode":"matchingAnyTag"}} []
[2022-11-17T04:02:11.673085+00:00] main.DEBUG: cache_invalidate:  {"method":"GET","url":"http:/","invalidateInfo":{"tags":["EAV","EAV_ATTRIBUTE"],"mode":"matchingAnyTag"}} []
[2022-11-17T04:02:11.673269+00:00] main.DEBUG: cache_invalidate:  {"method":"GET","url":"http:/","invalidateInfo":{"tags":["EAV_ATTRIBUTE"],"mode":"matchingAnyTag"}} []
[2022-11-17T04:02:11.673720+00:00] main.DEBUG: cache_invalidate:  {"method":"GET","url":"http:/","invalidateInfo":{"identifier":"request_declaration"}} []
[2022-11-17T04:02:11.674695+00:00] main.DEBUG: cache_invalidate:  {"method":"GET","url":"http:/","invalidateInfo":{"identifier":"request_declaration"}} []
[2022-11-17T04:02:11.681794+00:00] main.DEBUG: cache_invalidate:  {"method":"GET","url":"http:/","invalidateInfo":{"tags":["EAV","EAV_ATTRIBUTE"],"mode":"matchingAnyTag"}} []
[2022-11-17T04:02:11.681938+00:00] main.DEBUG: cache_invalidate:  {"method":"GET","url":"http:/","invalidateInfo":{"tags":["EAV","EAV_ATTRIBUTE"],"mode":"matchingAnyTag"}} []
[2022-11-17T04:02:11.682099+00:00] main.DEBUG: cache_invalidate:  {"method":"GET","url":"http:/","invalidateInfo":{"tags":["EAV_ATTRIBUTE"],"mode":"matchingAnyTag"}} []
[2022-11-17T04:02:11.682256+00:00] main.DEBUG: cache_invalidate:  {"method":"GET","url":"http:/","invalidateInfo":{"identifier":"request_declaration"}} []
[2022-11-17T04:02:11.682439+00:00] main.DEBUG: cache_invalidate:  {"method":"GET","url":"http:/","invalidateInfo":{"identifier":"request_declaration"}} []
[2022-11-17T04:02:11.783629+00:00] main.DEBUG: cache_invalidate:  {"method":"GET","url":"http:/","invalidateInfo":{"tags":["EAV"],"mode":"matchingAnyTag"}} []
[2022-11-17T04:02:11.787399+00:00] main.DEBUG: cache_invalidate:  {"method":"GET","url":"http:/","invalidateInfo":{"tags":["EAV","EAV_ATTRIBUTE"],"mode":"matchingAnyTag"}} []
[2022-11-17T04:02:11.791251+00:00] main.DEBUG: cache_invalidate:  {"method":"GET","url":"http:/","invalidateInfo":{"tags":["EAV","EAV_ATTRIBUTE"],"mode":"matchingAnyTag"}} []
[2022-11-17T04:02:11.794947+00:00] main.DEBUG: cache_invalidate:  {"method":"GET","url":"http:/","invalidateInfo":{"tags":["EAV","EAV_ATTRIBUTE"],"mode":"matchingAnyTag"}} []
[2022-11-17T04:02:11.798708+00:00] main.DEBUG: cache_invalidate:  {"method":"GET","url":"http:/","invalidateInfo":{"tags":["EAV","EAV_ATTRIBUTE"],"mode":"matchingAnyTag"}} []
[2022-11-17T04:02:11.828036+00:00] main.DEBUG: cache_invalidate:  {"method":"GET","url":"http:/","invalidateInfo":{"tags":["EAV","EAV_ATTRIBUTE"],"mode":"matchingAnyTag"}} []
[2022-11-17T04:02:11.847107+00:00] main.DEBUG: cache_invalidate:  {"method":"GET","url":"http:/","invalidateInfo":{"tags":["EAV","EAV_ATTRIBUTE"],"mode":"matchingAnyTag"}} []
[2022-11-17T04:02:11.857323+00:00] main.DEBUG: cache_invalidate:  {"method":"GET","url":"http:/","invalidateInfo":{"tags":["EAV","EAV_ATTRIBUTE"],"mode":"matchingAnyTag"}} []
[2022-11-17T04:02:11.860821+00:00] main.DEBUG: cache_invalidate:  {"method":"GET","url":"http:/","invalidateInfo":{"tags":["EAV","EAV_ATTRIBUTE"],"mode":"matchingAnyTag"}} []
[2022-11-17T04:02:11.903173+00:00] main.DEBUG: cache_invalidate:  {"method":"GET","url":"http:/","invalidateInfo":{"tags":["config_scopes","CONFIG"],"mode":"matchingTag"}} []
[2022-11-17T04:02:12.169333+00:00] main.DEBUG: cache_invalidate:  {"method":"GET","url":"http:/","invalidateInfo":{"tags":["cms_p"],"mode":"matchingAnyTag"}} []
[2022-11-17T04:02:12.842527+00:00] main.DEBUG: cache_invalidate:  {"method":"GET","url":"http:/","invalidateInfo":{"identifier":"DB_PDO_MYSQL_DDL_design_config_grid_flat_1"}} []
[2022-11-17T04:02:12.842655+00:00] main.DEBUG: cache_invalidate:  {"method":"GET","url":"http:/","invalidateInfo":{"identifier":"DB_PDO_MYSQL_DDL_design_config_grid_flat_2"}} []
[2022-11-17T04:02:12.842710+00:00] main.DEBUG: cache_invalidate:  {"method":"GET","url":"http:/","invalidateInfo":{"identifier":"DB_PDO_MYSQL_DDL_design_config_grid_flat_3"}} []
[2022-11-17T04:02:12.842755+00:00] main.DEBUG: cache_invalidate:  {"method":"GET","url":"http:/","invalidateInfo":{"identifier":"DB_PDO_MYSQL_DDL_design_config_grid_flat_4"}} []
[2022-11-17T04:02:12.842792+00:00] main.DEBUG: cache_invalidate:  {"method":"GET","url":"http:/","invalidateInfo":{"identifier":"DB_PDO_MYSQL_DDL_design_config_grid_flat_5"}} []
[2022-11-17T04:02:13.097902+00:00] main.DEBUG: cache_invalidate:  {"method":"GET","url":"http:/","invalidateInfo":{"identifier":"DB_PDO_MYSQL_DDL_customer_grid_flat_1"}} []
[2022-11-17T04:02:13.098015+00:00] main.DEBUG: cache_invalidate:  {"method":"GET","url":"http:/","invalidateInfo":{"identifier":"DB_PDO_MYSQL_DDL_customer_grid_flat_2"}} []
[2022-11-17T04:02:13.098063+00:00] main.DEBUG: cache_invalidate:  {"method":"GET","url":"http:/","invalidateInfo":{"identifier":"DB_PDO_MYSQL_DDL_customer_grid_flat_3"}} []
[2022-11-17T04:02:13.098107+00:00] main.DEBUG: cache_invalidate:  {"method":"GET","url":"http:/","invalidateInfo":{"identifier":"DB_PDO_MYSQL_DDL_customer_grid_flat_4"}} []
[2022-11-17T04:02:13.098145+00:00] main.DEBUG: cache_invalidate:  {"method":"GET","url":"http:/","invalidateInfo":{"identifier":"DB_PDO_MYSQL_DDL_customer_grid_flat_5"}} []
[2022-11-17T04:02:13.133389+00:00] main.DEBUG: cache_invalidate:  {"method":"GET","url":"http:/","invalidateInfo":{"tags":["LAYOUT_GENERAL_CACHE_TAG"],"mode":"matchingTag"}} []
[2022-11-17T04:02:13.133733+00:00] main.DEBUG: cache_invalidate:  {"method":"GET","url":"http:/","invalidateInfo":{"tags":["BLOCK_HTML"],"mode":"matchingTag"}} []
[2022-11-17T04:02:13.134570+00:00] main.DEBUG: cache_invalidate:  {"method":"GET","url":"http:/","invalidateInfo":{"tags":["FPC"],"mode":"matchingTag"}} []
[2022-11-17T04:02:13.295429+00:00] main.DEBUG: cache_invalidate:  {"method":"GET","url":"http:/","invalidateInfo":{"tags":["CONFIG"],"mode":"matchingTag"}} []
[2022-11-17T04:02:13.295778+00:00] main.DEBUG: cache_invalidate:  {"method":"GET","url":"http:/","invalidateInfo":{"tags":["LAYOUT_GENERAL_CACHE_TAG"],"mode":"matchingTag"}} []
[2022-11-17T04:02:13.296339+00:00] main.DEBUG: cache_invalidate:  {"method":"GET","url":"http:/","invalidateInfo":{"tags":["BLOCK_HTML"],"mode":"matchingTag"}} []
[2022-11-17T04:02:13.297000+00:00] main.DEBUG: cache_invalidate:  {"method":"GET","url":"http:/","invalidateInfo":{"tags":["COLLECTION_DATA"],"mode":"matchingTag"}} []
[2022-11-17T04:02:13.297940+00:00] main.DEBUG: cache_invalidate:  {"method":"GET","url":"http:/","invalidateInfo":{"tags":["REFLECTION"],"mode":"matchingTag"}} []
[2022-11-17T04:02:13.299618+00:00] main.DEBUG: cache_invalidate:  {"method":"GET","url":"http:/","invalidateInfo":{"tags":["DB_DDL"],"mode":"matchingTag"}} []
[2022-11-17T04:02:13.299857+00:00] main.DEBUG: cache_invalidate:  {"method":"GET","url":"http:/","invalidateInfo":{"tags":["COMPILED_CONFIG"],"mode":"matchingTag"}} []
[2022-11-17T04:02:13.300651+00:00] main.DEBUG: cache_invalidate:  {"method":"GET","url":"http:/","invalidateInfo":{"tags":["EAV"],"mode":"matchingTag"}} []
[2022-11-17T04:02:13.301833+00:00] main.DEBUG: cache_invalidate:  {"method":"GET","url":"http:/","invalidateInfo":{"tags":["CUSTOMER_NOTIFICATION"],"mode":"matchingTag"}} []
[2022-11-17T04:02:13.302486+00:00] main.DEBUG: cache_invalidate:  {"method":"GET","url":"http:/","invalidateInfo":{"tags":["INTEGRATION"],"mode":"matchingTag"}} []
[2022-11-17T04:02:13.303938+00:00] main.DEBUG: cache_invalidate:  {"method":"GET","url":"http:/","invalidateInfo":{"tags":["INTEGRATION_API_CONFIG"],"mode":"matchingTag"}} []
[2022-11-17T04:02:13.304605+00:00] main.DEBUG: cache_invalidate:  {"method":"GET","url":"http:/","invalidateInfo":{"tags":["FPC"],"mode":"matchingTag"}} []
[2022-11-17T04:02:13.305219+00:00] main.DEBUG: cache_invalidate:  {"method":"GET","url":"http:/","invalidateInfo":{"tags":["WEBSERVICE"],"mode":"matchingTag"}} []
[2022-11-17T04:02:13.305955+00:00] main.DEBUG: cache_invalidate:  {"method":"GET","url":"http:/","invalidateInfo":{"tags":["TRANSLATE"],"mode":"matchingTag"}} []
[2022-11-17T04:02:44.306893+00:00] main.DEBUG: cache_invalidate:  {"method":"GET","url":"http:/","invalidateInfo":{"tags":["config_scopes","CONFIG"],"mode":"matchingTag"}} []
[2022-11-17T04:02:44.396546+00:00] main.DEBUG: cache_invalidate:  {"method":"GET","url":"http:/","invalidateInfo":{"tags":["config_scopes","CONFIG"],"mode":"matchingTag"}} []
[2022-11-17T04:02:45.274234+00:00] main.DEBUG: cache_invalidate:  {"method":"GET","url":"http:/","invalidateInfo":{"tags":["FPC"],"mode":"matchingTag"}} []
[2022-11-17T04:02:56.331060+00:00] main.DEBUG: cache_invalidate:  {"method":"GET","url":"http:/","invalidateInfo":{"tags":[],"mode":"all"}} []
[2022-11-17T04:02:56.334204+00:00] main.DEBUG: cache_invalidate:  {"method":"GET","url":"http:/","invalidateInfo":{"tags":[],"mode":"all"}} []
[2022-11-17T04:04:35.130991+00:00] main.DEBUG: cache_invalidate:  {"method":"GET","url":"http:/","invalidateInfo":{"tags":["CONFIG"],"mode":"matchingTag"}} []
[2022-11-17T04:04:35.131398+00:00] main.DEBUG: cache_invalidate:  {"method":"GET","url":"http:/","invalidateInfo":{"tags":["LAYOUT_GENERAL_CACHE_TAG"],"mode":"matchingTag"}} []
[2022-11-17T04:04:35.132407+00:00] main.DEBUG: cache_invalidate:  {"method":"GET","url":"http:/","invalidateInfo":{"tags":["BLOCK_HTML"],"mode":"matchingTag"}} []
[2022-11-17T04:04:35.133021+00:00] main.DEBUG: cache_invalidate:  {"method":"GET","url":"http:/","invalidateInfo":{"tags":["COLLECTION_DATA"],"mode":"matchingTag"}} []
[2022-11-17T04:04:35.133681+00:00] main.DEBUG: cache_invalidate:  {"method":"GET","url":"http:/","invalidateInfo":{"tags":["REFLECTION"],"mode":"matchingTag"}} []
[2022-11-17T04:04:35.134461+00:00] main.DEBUG: cache_invalidate:  {"method":"GET","url":"http:/","invalidateInfo":{"tags":["DB_DDL"],"mode":"matchingTag"}} []
[2022-11-17T04:04:35.135104+00:00] main.DEBUG: cache_invalidate:  {"method":"GET","url":"http:/","invalidateInfo":{"tags":["COMPILED_CONFIG"],"mode":"matchingTag"}} []
[2022-11-17T04:04:35.135843+00:00] main.DEBUG: cache_invalidate:  {"method":"GET","url":"http:/","invalidateInfo":{"tags":["EAV"],"mode":"matchingTag"}} []
[2022-11-17T04:04:35.136629+00:00] main.DEBUG: cache_invalidate:  {"method":"GET","url":"http:/","invalidateInfo":{"tags":["CUSTOMER_NOTIFICATION"],"mode":"matchingTag"}} []
[2022-11-17T04:04:35.137447+00:00] main.DEBUG: cache_invalidate:  {"method":"GET","url":"http:/","invalidateInfo":{"tags":["INTEGRATION"],"mode":"matchingTag"}} []
[2022-11-17T04:04:35.138239+00:00] main.DEBUG: cache_invalidate:  {"method":"GET","url":"http:/","invalidateInfo":{"tags":["INTEGRATION_API_CONFIG"],"mode":"matchingTag"}} []
[2022-11-17T04:04:35.142342+00:00] main.DEBUG: cache_invalidate:  {"method":"GET","url":"http:/","invalidateInfo":{"tags":["FPC"],"mode":"matchingTag"}} []
[2022-11-17T04:04:35.142596+00:00] main.DEBUG: cache_invalidate:  {"method":"GET","url":"http:/","invalidateInfo":{"tags":["WEBSERVICE"],"mode":"matchingTag"}} []
[2022-11-17T04:04:35.143388+00:00] main.DEBUG: cache_invalidate:  {"method":"GET","url":"http:/","invalidateInfo":{"tags":["TRANSLATE"],"mode":"matchingTag"}} []
[2022-11-17T04:04:41.816419+00:00] main.DEBUG: cache_invalidate:  {"method":"GET","url":"http:/","invalidateInfo":{"tags":["CONFIG"],"mode":"matchingTag"}} []
[2022-11-17T04:04:41.882065+00:00] main.DEBUG: cache_invalidate:  {"method":"GET","url":"http:/","invalidateInfo":{"tags":["CONFIG"],"mode":"matchingTag"}} []
[2022-11-17T04:04:41.882374+00:00] main.DEBUG: cache_invalidate:  {"method":"GET","url":"http:/","invalidateInfo":{"tags":["LAYOUT_GENERAL_CACHE_TAG"],"mode":"matchingTag"}} []
[2022-11-17T04:04:41.882971+00:00] main.DEBUG: cache_invalidate:  {"method":"GET","url":"http:/","invalidateInfo":{"tags":["BLOCK_HTML"],"mode":"matchingTag"}} []
[2022-11-17T04:04:41.884016+00:00] main.DEBUG: cache_invalidate:  {"method":"GET","url":"http:/","invalidateInfo":{"tags":["COLLECTION_DATA"],"mode":"matchingTag"}} []
[2022-11-17T04:04:41.884795+00:00] main.DEBUG: cache_invalidate:  {"method":"GET","url":"http:/","invalidateInfo":{"tags":["REFLECTION"],"mode":"matchingTag"}} []
[2022-11-17T04:04:41.885598+00:00] main.DEBUG: cache_invalidate:  {"method":"GET","url":"http:/","invalidateInfo":{"tags":["DB_DDL"],"mode":"matchingTag"}} []
[2022-11-17T04:04:41.886549+00:00] main.DEBUG: cache_invalidate:  {"method":"GET","url":"http:/","invalidateInfo":{"tags":["COMPILED_CONFIG"],"mode":"matchingTag"}} []
[2022-11-17T04:04:41.887220+00:00] main.DEBUG: cache_invalidate:  {"method":"GET","url":"http:/","invalidateInfo":{"tags":["EAV"],"mode":"matchingTag"}} []
[2022-11-17T04:04:41.888038+00:00] main.DEBUG: cache_invalidate:  {"method":"GET","url":"http:/","invalidateInfo":{"tags":["CUSTOMER_NOTIFICATION"],"mode":"matchingTag"}} []
[2022-11-17T04:04:41.888716+00:00] main.DEBUG: cache_invalidate:  {"method":"GET","url":"http:/","invalidateInfo":{"tags":["INTEGRATION"],"mode":"matchingTag"}} []
[2022-11-17T04:04:41.889683+00:00] main.DEBUG: cache_invalidate:  {"method":"GET","url":"http:/","invalidateInfo":{"tags":["INTEGRATION_API_CONFIG"],"mode":"matchingTag"}} []
[2022-11-17T04:04:41.890746+00:00] main.DEBUG: cache_invalidate:  {"method":"GET","url":"http:/","invalidateInfo":{"tags":["FPC"],"mode":"matchingTag"}} []
[2022-11-17T04:04:41.891427+00:00] main.DEBUG: cache_invalidate:  {"method":"GET","url":"http:/","invalidateInfo":{"tags":["WEBSERVICE"],"mode":"matchingTag"}} []
[2022-11-17T04:04:41.892364+00:00] main.DEBUG: cache_invalidate:  {"method":"GET","url":"http:/","invalidateInfo":{"tags":["TRANSLATE"],"mode":"matchingTag"}} []
[2022-11-17T04:04:48.043174+00:00] main.DEBUG: cache_invalidate:  {"method":"GET","url":"http:/","invalidateInfo":{"tags":["LAYOUT_GENERAL_CACHE_TAG"],"mode":"matchingTag"}} []
[2022-11-17T04:04:48.043501+00:00] main.DEBUG: cache_invalidate:  {"method":"GET","url":"http:/","invalidateInfo":{"tags":["BLOCK_HTML"],"mode":"matchingTag"}} []
[2022-11-17T04:04:48.044291+00:00] main.DEBUG: cache_invalidate:  {"method":"GET","url":"http:/","invalidateInfo":{"tags":["FPC"],"mode":"matchingTag"}} []
[2022-11-17T04:04:59.677012+00:00] main.DEBUG: cache_invalidate:  {"method":"GET","url":"http:/","invalidateInfo":{"tags":[],"mode":"all"}} []
[2022-11-17T04:04:59.685787+00:00] main.DEBUG: cache_invalidate:  {"method":"GET","url":"http:/","invalidateInfo":{"tags":[],"mode":"all"}} []
[2022-11-17T04:06:11.932342+00:00] main.DEBUG: cache_invalidate:  {"method":"GET","url":"http:/","invalidateInfo":{"tags":["FPC"],"mode":"matchingTag"}} []
[2022-11-17T04:06:11.935548+00:00] main.DEBUG: cache_invalidate:  {"method":"GET","url":"http:/","invalidateInfo":{"tags":["CONFIG"],"mode":"matchingTag"}} []
[2022-11-17T04:06:11.935853+00:00] main.DEBUG: cache_invalidate:  {"method":"GET","url":"http:/","invalidateInfo":{"tags":["LAYOUT_GENERAL_CACHE_TAG"],"mode":"matchingTag"}} []
[2022-11-17T04:06:11.936666+00:00] main.DEBUG: cache_invalidate:  {"method":"GET","url":"http:/","invalidateInfo":{"tags":["BLOCK_HTML"],"mode":"matchingTag"}} []
[2022-11-17T04:06:11.937355+00:00] main.DEBUG: cache_invalidate:  {"method":"GET","url":"http:/","invalidateInfo":{"tags":["COLLECTION_DATA"],"mode":"matchingTag"}} []
[2022-11-17T04:06:11.938502+00:00] main.DEBUG: cache_invalidate:  {"method":"GET","url":"http:/","invalidateInfo":{"tags":["REFLECTION"],"mode":"matchingTag"}} []
[2022-11-17T04:06:11.939457+00:00] main.DEBUG: cache_invalidate:  {"method":"GET","url":"http:/","invalidateInfo":{"tags":["DB_DDL"],"mode":"matchingTag"}} []
[2022-11-17T04:06:11.940159+00:00] main.DEBUG: cache_invalidate:  {"method":"GET","url":"http:/","invalidateInfo":{"tags":["COMPILED_CONFIG"],"mode":"matchingTag"}} []
[2022-11-17T04:06:11.940935+00:00] main.DEBUG: cache_invalidate:  {"method":"GET","url":"http:/","invalidateInfo":{"tags":["EAV"],"mode":"matchingTag"}} []
[2022-11-17T04:06:11.941567+00:00] main.DEBUG: cache_invalidate:  {"method":"GET","url":"http:/","invalidateInfo":{"tags":["CUSTOMER_NOTIFICATION"],"mode":"matchingTag"}} []
[2022-11-17T04:06:11.942419+00:00] main.DEBUG: cache_invalidate:  {"method":"GET","url":"http:/","invalidateInfo":{"tags":["INTEGRATION"],"mode":"matchingTag"}} []
[2022-11-17T04:06:11.943161+00:00] main.DEBUG: cache_invalidate:  {"method":"GET","url":"http:/","invalidateInfo":{"tags":["INTEGRATION_API_CONFIG"],"mode":"matchingTag"}} []
[2022-11-17T04:06:11.943946+00:00] main.DEBUG: cache_invalidate:  {"method":"GET","url":"http:/","invalidateInfo":{"tags":["FPC"],"mode":"matchingTag"}} []
[2022-11-17T04:06:11.944529+00:00] main.DEBUG: cache_invalidate:  {"method":"GET","url":"http:/","invalidateInfo":{"tags":["WEBSERVICE"],"mode":"matchingTag"}} []
[2022-11-17T04:06:11.945661+00:00] main.DEBUG: cache_invalidate:  {"method":"GET","url":"http:/","invalidateInfo":{"tags":["TRANSLATE"],"mode":"matchingTag"}} []
[2022-11-17T04:06:46.707024+00:00] main.DEBUG: cache_invalidate:  {"method":"POST","url":"https://sachin.mgtcommerce.com/index.php/admin/admin/index/index/key/efd8308c976d2090097b65607a9d0e6678d7aa969cb4c3fa47f55c828850e56d/","invalidateInfo":{"tags":["BACKEND_MAINMENU"],"mode":"matchingAnyTag"}} []
[2022-11-17T04:06:46.757914+00:00] main.DEBUG: cache_invalidate:  {"method":"POST","url":"https://sachin.mgtcommerce.com/index.php/admin/admin/index/index/key/efd8308c976d2090097b65607a9d0e6678d7aa969cb4c3fa47f55c828850e56d/","invalidateInfo":{"tags":["PB_EDITOR_CONFIG","CONFIG"],"mode":"matchingTag"}} []
[2022-11-17T04:06:46.769323+00:00] main.INFO: Item Magento_Backend::system_currency was removed [] []
[2022-11-17T04:06:46.773317+00:00] main.INFO: Add of item with id Magento_AdminNotification::system_adminnotification was processed [] []
[2022-11-17T04:06:46.773430+00:00] main.INFO: Add of item with id Magento_Theme::design_config was processed [] []
[2022-11-17T04:06:46.773477+00:00] main.INFO: Add of item with id Magento_Theme::system_design_theme was processed [] []
[2022-11-17T04:06:46.773523+00:00] main.INFO: Add of item with id Magento_Config::system_config was processed [] []
[2022-11-17T04:06:46.773562+00:00] main.INFO: Add of item with id Magento_Backend::system_design_schedule was processed [] []
[2022-11-17T04:06:46.773599+00:00] main.INFO: Add of item with id Magento_Backend::system_store was processed [] []
[2022-11-17T04:06:46.773636+00:00] main.INFO: Add of item with id Magento_Backend::dashboard was processed [] []
[2022-11-17T04:06:46.773672+00:00] main.INFO: Add of item with id Magento_Backend::system was processed [] []
[2022-11-17T04:06:46.773714+00:00] main.INFO: Add of item with id Magento_Backend::system_tools was processed [] []
[2022-11-17T04:06:46.773755+00:00] main.INFO: Add of item with id Magento_Backend::system_design was processed [] []
[2022-11-17T04:06:46.773791+00:00] main.INFO: Add of item with id Magento_Backend::system_convert was processed [] []
[2022-11-17T04:06:46.773832+00:00] main.INFO: Add of item with id Magento_Backend::system_cache was processed [] []
[2022-11-17T04:06:46.773868+00:00] main.INFO: Add of item with id Magento_Backend::marketing was processed [] []
[2022-11-17T04:06:46.773908+00:00] main.INFO: Add of item with id Magento_Backend::marketing_communications was processed [] []
[2022-11-17T04:06:46.773944+00:00] main.INFO: Add of item with id Magento_Backend::marketing_seo was processed [] []
[2022-11-17T04:06:46.773980+00:00] main.INFO: Add of item with id Magento_Backend::marketing_user_content was processed [] []
[2022-11-17T04:06:46.774016+00:00] main.INFO: Add of item with id Magento_Backend::content was processed [] []
[2022-11-17T04:06:46.774052+00:00] main.INFO: Add of item with id Magento_Backend::content_elements was processed [] []
[2022-11-17T04:06:46.774087+00:00] main.INFO: Add of item with id Magento_Backend::stores was processed [] []
[2022-11-17T04:06:46.774127+00:00] main.INFO: Add of item with id Magento_Backend::stores_settings was processed [] []
[2022-11-17T04:06:46.774163+00:00] main.INFO: Add of item with id Magento_Backend::stores_attributes was processed [] []
[2022-11-17T04:06:46.774206+00:00] main.INFO: Add of item with id Magento_Backend::other_settings was processed [] []
[2022-11-17T04:06:46.774242+00:00] main.INFO: Add of item with id Magento_Backend::system_other_settings was processed [] []
[2022-11-17T04:06:46.774277+00:00] main.INFO: Add of item with id Magento_Customer::customer was processed [] []
[2022-11-17T04:06:46.774318+00:00] main.INFO: Add of item with id Magento_Customer::customer_manage was processed [] []
[2022-11-17T04:06:46.774354+00:00] main.INFO: Add of item with id Magento_Customer::customer_online was processed [] []
[2022-11-17T04:06:46.774389+00:00] main.INFO: Add of item with id Magento_Customer::customer_group was processed [] []
[2022-11-17T04:06:46.774425+00:00] main.INFO: Add of item with id Magento_User::system_acl was processed [] []
[2022-11-17T04:06:46.774465+00:00] main.INFO: Add of item with id Magento_User::system_acl_users was processed [] []
[2022-11-17T04:06:46.774501+00:00] main.INFO: Add of item with id Magento_User::system_acl_roles was processed [] []
[2022-11-17T04:06:46.774536+00:00] main.INFO: Add of item with id Magento_User::system_acl_locks was processed [] []
[2022-11-17T04:06:46.774572+00:00] main.INFO: Add of item with id Magento_Backup::system_tools_backup was processed [] []
[2022-11-17T04:06:46.774608+00:00] main.INFO: Add of item with id Magento_Indexer::system_index was processed [] []
[2022-11-17T04:06:46.774643+00:00] main.INFO: Add of item with id Magento_Variable::system_variable was processed [] []
[2022-11-17T04:06:46.774683+00:00] main.INFO: Add of item with id Magento_Cms::cms_page was processed [] []
[2022-11-17T04:06:46.774719+00:00] main.INFO: Add of item with id Magento_Cms::cms_block was processed [] []
[2022-11-17T04:06:46.774764+00:00] main.INFO: Add of item with id Magento_Search::search_terms was processed [] []
[2022-11-17T04:06:46.774801+00:00] main.INFO: Add of item with id Magento_Search::search_synonyms was processed [] []
[2022-11-17T04:06:46.774836+00:00] main.INFO: Add of item with id Magento_Catalog::catalog was processed [] []
[2022-11-17T04:06:46.774876+00:00] main.INFO: Add of item with id Magento_Catalog::catalog_products was processed [] []
[2022-11-17T04:06:46.774912+00:00] main.INFO: Add of item with id Magento_Catalog::catalog_categories was processed [] []
[2022-11-17T04:06:46.774952+00:00] main.INFO: Add of item with id Magento_Catalog::catalog_attributes_attributes was processed [] []
[2022-11-17T04:06:46.774987+00:00] main.INFO: Add of item with id Magento_Catalog::catalog_attributes_sets was processed [] []
[2022-11-17T04:06:46.775027+00:00] main.INFO: Add of item with id Magento_Catalog::inventory was processed [] []
[2022-11-17T04:06:46.775063+00:00] main.INFO: Add of item with id Magento_CatalogRule::promo was processed [] []
[2022-11-17T04:06:46.775103+00:00] main.INFO: Add of item with id Magento_CatalogRule::promo_catalog was processed [] []
[2022-11-17T04:06:46.775138+00:00] main.INFO: Add of item with id Magento_MediaGalleryUi::media was processed [] []
[2022-11-17T04:06:46.775178+00:00] main.INFO: Add of item with id Magento_MediaGalleryUi::media_gallery was processed [] []
[2022-11-17T04:06:46.775214+00:00] main.INFO: Add of item with id Magento_Integration::system_extensions was processed [] []
[2022-11-17T04:06:46.775254+00:00] main.INFO: Add of item with id Magento_Integration::system_integrations was processed [] []
[2022-11-17T04:06:46.775289+00:00] main.INFO: Add of item with id Magento_Sales::sales was processed [] []
[2022-11-17T04:06:46.775329+00:00] main.INFO: Add of item with id Magento_Sales::sales_operation was processed [] []
[2022-11-17T04:06:46.775369+00:00] main.INFO: Add of item with id Magento_Sales::sales_order was processed [] []
[2022-11-17T04:06:46.775408+00:00] main.INFO: Add of item with id Magento_Sales::sales_invoice was processed [] []
[2022-11-17T04:06:46.775444+00:00] main.INFO: Add of item with id Magento_Sales::sales_shipment was processed [] []
[2022-11-17T04:06:46.775484+00:00] main.INFO: Add of item with id Magento_Sales::sales_creditmemo was processed [] []
[2022-11-17T04:06:46.775520+00:00] main.INFO: Add of item with id Magento_Sales::sales_transactions was processed [] []
[2022-11-17T04:06:46.775556+00:00] main.INFO: Add of item with id Magento_Sales::system_order_statuses was processed [] []
[2022-11-17T04:06:46.775611+00:00] main.INFO: Add of item with id Magento_Widget::cms_widget_instance was processed [] []
[2022-11-17T04:06:46.775660+00:00] main.INFO: Add of item with id Magento_Analytics::business_intelligence was processed [] []
[2022-11-17T04:06:46.775701+00:00] main.INFO: Add of item with id Magento_Analytics::advanced_reporting was processed [] []
[2022-11-17T04:06:46.775737+00:00] main.INFO: Add of item with id Magento_Analytics::bi_essentials was processed [] []
[2022-11-17T04:06:46.775777+00:00] main.INFO: Add of item with id Magento_Downloadable::report_products_downloads was processed [] []
[2022-11-17T04:06:46.775817+00:00] main.INFO: Add of item with id Magento_ImportExport::system_convert_import was processed [] []
[2022-11-17T04:06:46.775853+00:00] main.INFO: Add of item with id Magento_ImportExport::system_convert_export was processed [] []
[2022-11-17T04:06:46.775888+00:00] main.INFO: Add of item with id Magento_ImportExport::system_convert_history was processed [] []
[2022-11-17T04:06:46.775928+00:00] main.INFO: Add of item with id Magento_Email::template was processed [] []
[2022-11-17T04:06:46.775964+00:00] main.INFO: Add of item with id Magento_EncryptionKey::system_crypt_key was processed [] []
[2022-11-17T04:06:46.775999+00:00] main.INFO: Add of item with id Magento_InventoryAdminUi::inventory was processed [] []
[2022-11-17T04:06:46.776039+00:00] main.INFO: Add of item with id Magento_InventoryAdminUi::source was processed [] []
[2022-11-17T04:06:46.776084+00:00] main.INFO: Add of item with id Magento_InventoryAdminUi::stock was processed [] []
[2022-11-17T04:06:46.776119+00:00] main.INFO: Add of item with id Magento_Reports::report was processed [] []
[2022-11-17T04:06:46.776155+00:00] main.INFO: Add of item with id Magento_Reports::report_marketing was processed [] []
[2022-11-17T04:06:46.776190+00:00] main.INFO: Add of item with id Magento_Reports::report_salesroot was processed [] []
[2022-11-17T04:06:46.776230+00:00] main.INFO: Add of item with id Magento_Reports::report_salesroot_sales was processed [] []
[2022-11-17T04:06:46.776266+00:00] main.INFO: Add of item with id Magento_Reports::report_salesroot_tax was processed [] []
[2022-11-17T04:06:46.776302+00:00] main.INFO: Add of item with id Magento_Reports::report_salesroot_invoiced was processed [] []
[2022-11-17T04:06:46.776337+00:00] main.INFO: Add of item with id Magento_Reports::report_salesroot_shipping was processed [] []
[2022-11-17T04:06:46.776372+00:00] main.INFO: Add of item with id Magento_Reports::report_salesroot_refunded was processed [] []
[2022-11-17T04:06:46.776408+00:00] main.INFO: Add of item with id Magento_Reports::report_salesroot_coupons was processed [] []
[2022-11-17T04:06:46.776447+00:00] main.INFO: Add of item with id Magento_Reports::report_shopcart_product was processed [] []
[2022-11-17T04:06:46.776483+00:00] main.INFO: Add of item with id Magento_Reports::report_shopcart_abandoned was processed [] []
[2022-11-17T04:06:46.776518+00:00] main.INFO: Add of item with id Magento_Reports::report_products was processed [] []
[2022-11-17T04:06:46.776562+00:00] main.INFO: Add of item with id Magento_Reports::report_products_bestsellers was processed [] []
[2022-11-17T04:06:46.776602+00:00] main.INFO: Add of item with id Magento_Reports::report_products_sold was processed [] []
[2022-11-17T04:06:46.776637+00:00] main.INFO: Add of item with id Magento_Reports::report_products_viewed was processed [] []
[2022-11-17T04:06:46.776672+00:00] main.INFO: Add of item with id Magento_Reports::report_products_lowstock was processed [] []
[2022-11-17T04:06:46.776708+00:00] main.INFO: Add of item with id Magento_Reports::report_customers was processed [] []
[2022-11-17T04:06:46.776753+00:00] main.INFO: Add of item with id Magento_Reports::report_customers_accounts was processed [] []
[2022-11-17T04:06:46.776789+00:00] main.INFO: Add of item with id Magento_Reports::report_customers_totals was processed [] []
[2022-11-17T04:06:46.776825+00:00] main.INFO: Add of item with id Magento_Reports::report_customers_orders was processed [] []
[2022-11-17T04:06:46.776860+00:00] main.INFO: Add of item with id Magento_Reports::report_statistics was processed [] []
[2022-11-17T04:06:46.776899+00:00] main.INFO: Add of item with id Magento_Reports::report_statistics_refresh was processed [] []
[2022-11-17T04:06:46.776935+00:00] main.INFO: Add of item with id Magento_Search::report_search_term was processed [] []
[2022-11-17T04:06:46.776971+00:00] main.INFO: Add of item with id Magento_LoginAsCustomerLog::login_log was processed [] []
[2022-11-17T04:06:46.777007+00:00] main.INFO: Add of item with id Magento_Marketplace::partners was processed [] []
[2022-11-17T04:06:46.777042+00:00] main.INFO: Add of item with id Magento_Newsletter::newsletter_template was processed [] []
[2022-11-17T04:06:46.777077+00:00] main.INFO: Add of item with id Magento_Newsletter::newsletter_queue was processed [] []
[2022-11-17T04:06:46.777113+00:00] main.INFO: Add of item with id Magento_Newsletter::newsletter_subscriber was processed [] []
[2022-11-17T04:06:46.777148+00:00] main.INFO: Add of item with id Magento_Newsletter::newsletter_problem was processed [] []
[2022-11-17T04:06:46.777183+00:00] main.INFO: Add of item with id Magento_SalesRule::promo_quote was processed [] []
[2022-11-17T04:06:46.777219+00:00] main.INFO: Add of item with id Magento_Sitemap::catalog_sitemap was processed [] []
[2022-11-17T04:06:46.777254+00:00] main.INFO: Add of item with id Magento_PageBuilder::templates was processed [] []
[2022-11-17T04:06:46.777294+00:00] main.INFO: Add of item with id Magento_Paypal::report_salesroot_paypal_settlement_reports was processed [] []
[2022-11-17T04:06:46.777331+00:00] main.INFO: Add of item with id Magento_Paypal::paypal_billing_agreement was processed [] []
[2022-11-17T04:06:46.777367+00:00] main.INFO: Add of item with id Magento_CheckoutAgreements::sales_checkoutagreement was processed [] []
[2022-11-17T04:06:46.777402+00:00] main.INFO: Add of item with id Magento_Review::catalog_reviews_ratings_ratings was processed [] []
[2022-11-17T04:06:46.777443+00:00] main.INFO: Add of item with id Magento_Review::catalog_reviews_ratings_pending was processed [] []
[2022-11-17T04:06:46.777478+00:00] main.INFO: Add of item with id Magento_Review::catalog_reviews_ratings_reviews_all was processed [] []
[2022-11-17T04:06:46.777514+00:00] main.INFO: Add of item with id Magento_Review::report_review was processed [] []
[2022-11-17T04:06:46.777554+00:00] main.INFO: Add of item with id Magento_Review::report_review_customer was processed [] []
[2022-11-17T04:06:46.777590+00:00] main.INFO: Add of item with id Magento_Review::report_review_product was processed [] []
[2022-11-17T04:06:46.777625+00:00] main.INFO: Add of item with id Magento_UrlRewrite::urlrewrite was processed [] []
[2022-11-17T04:06:46.777661+00:00] main.INFO: Add of item with id Magento_Tax::sales_tax was processed [] []
[2022-11-17T04:06:46.777701+00:00] main.INFO: Add of item with id Magento_Tax::sales_tax_rules was processed [] []
[2022-11-17T04:06:46.777736+00:00] main.INFO: Add of item with id Magento_Tax::sales_tax_rates was processed [] []
[2022-11-17T04:06:46.777772+00:00] main.INFO: Add of item with id Magento_TaxImportExport::system_convert_tax was processed [] []
[2022-11-17T04:06:46.777807+00:00] main.INFO: Add of item with id Magento_AsynchronousOperations::system_magento_logging was processed [] []
[2022-11-17T04:06:46.777848+00:00] main.INFO: Add of item with id Magento_AsynchronousOperations::system_magento_logging_bulk_operations was processed [] []
[2022-11-17T04:06:46.777885+00:00] main.INFO: Add of item with id Magento_CurrencySymbol::system_currency was processed [] []
[2022-11-17T04:06:46.777925+00:00] main.INFO: Add of item with id Magento_CurrencySymbol::system_currency_rates was processed [] []
[2022-11-17T04:06:46.777965+00:00] main.INFO: Add of item with id Magento_CurrencySymbol::system_currency_symbols was processed [] []
[2022-11-17T04:06:46.778000+00:00] main.INFO: Add of item with id PayPal_Braintree::settlement_report was processed [] []
[2022-11-17T04:06:46.778036+00:00] main.INFO: Add of item with id PayPal_Braintree::virtual_terminal was processed [] []
