[2022-11-17T03:59:16.328202+00:00] main.ERROR: SQLSTATE[42000]: Syntax error or access violation: 1075 Incorrect table definition; there can be only one auto column and it must be defined as a key, query was: ALTER TABLE `catalog_product_index_price_tmp` MODIFY COLUMN `entity_id` int UNSIGNED NOT NULL   COMMENT "Entity ID", DROP PRIMARY KEY, ADD CONSTRAINT  PRIMARY KEY (`entity_id`,`customer_group_id`,`website_id`), ADD INDEX `CATALOG_PRODUCT_INDEX_PRICE_TMP_CUSTOMER_GROUP_ID` (`customer_group_id`), ADD INDEX `CATALOG_PRODUCT_INDEX_PRICE_TMP_WEBSITE_ID` (`website_id`), ADD INDEX `CATALOG_PRODUCT_INDEX_PRICE_TMP_MIN_PRICE` (`min_price`)
#0 /home/cloudpanel/htdocs/sachin.mgtcommerce.com/vendor/magento/framework/DB/Statement/Pdo/Mysql.php(91): Magento\Framework\DB\Statement\Pdo\Mysql->tryExecute()
#1 /home/cloudpanel/htdocs/sachin.mgtcommerce.com/vendor/magento/zendframework1/library/Zend/Db/Statement.php(313): Magento\Framework\DB\Statement\Pdo\Mysql->_execute()
#2 /home/cloudpanel/htdocs/sachin.mgtcommerce.com/vendor/magento/zendframework1/library/Zend/Db/Adapter/Abstract.php(480): Zend_Db_Statement->execute()
#3 /home/cloudpanel/htdocs/sachin.mgtcommerce.com/vendor/magento/zendframework1/library/Zend/Db/Adapter/Pdo/Abstract.php(238): Zend_Db_Adapter_Abstract->query()
#4 /home/cloudpanel/htdocs/sachin.mgtcommerce.com/vendor/magento/framework/DB/Adapter/Pdo/Mysql.php(564): Zend_Db_Adapter_Pdo_Abstract->query()
#5 /home/cloudpanel/htdocs/sachin.mgtcommerce.com/vendor/magento/framework/DB/Adapter/Pdo/Mysql.php(631): Magento\Framework\DB\Adapter\Pdo\Mysql->_query()
#6 /home/cloudpanel/htdocs/sachin.mgtcommerce.com/generated/code/Magento/Framework/DB/Adapter/Pdo/Mysql/Interceptor.php(95): Magento\Framework\DB\Adapter\Pdo\Mysql->query()
#7 /home/cloudpanel/htdocs/sachin.mgtcommerce.com/vendor/magento/framework/Setup/Declaration/Schema/Db/MySQL/DbSchemaWriter.php(295): Magento\Framework\DB\Adapter\Pdo\Mysql\Interceptor->query()
#8 /home/cloudpanel/htdocs/sachin.mgtcommerce.com/vendor/magento/framework/Setup/Declaration/Schema/OperationsExecutor.php(215): Magento\Framework\Setup\Declaration\Schema\Db\MySQL\DbSchemaWriter->compile()
#9 /home/cloudpanel/htdocs/sachin.mgtcommerce.com/setup/src/Magento/Setup/Model/DeclarationInstaller.php(60): Magento\Framework\Setup\Declaration\Schema\OperationsExecutor->execute()
#10 /home/cloudpanel/htdocs/sachin.mgtcommerce.com/setup/src/Magento/Setup/Model/Installer.php(846): Magento\Setup\Model\DeclarationInstaller->installSchema()
#11 /home/cloudpanel/htdocs/sachin.mgtcommerce.com/setup/src/Magento/Setup/Model/Installer.php(894): Magento\Setup\Model\Installer->declarativeInstallSchema()
#12 [internal function]: Magento\Setup\Model\Installer->installSchema()
#13 /home/cloudpanel/htdocs/sachin.mgtcommerce.com/setup/src/Magento/Setup/Model/Installer.php(385): call_user_func_array()
#14 /home/cloudpanel/htdocs/sachin.mgtcommerce.com/setup/src/Magento/Setup/Console/Command/InstallCommand.php(238): Magento\Setup\Model\Installer->install()
#15 /home/cloudpanel/htdocs/sachin.mgtcommerce.com/vendor/symfony/console/Command/Command.php(255): Magento\Setup\Console\Command\InstallCommand->execute()
#16 /home/cloudpanel/htdocs/sachin.mgtcommerce.com/vendor/symfony/console/Application.php(1021): Symfony\Component\Console\Command\Command->run()
#17 /home/cloudpanel/htdocs/sachin.mgtcommerce.com/vendor/symfony/console/Application.php(275): Symfony\Component\Console\Application->doRunCommand()
#18 /home/cloudpanel/htdocs/sachin.mgtcommerce.com/vendor/magento/framework/Console/Cli.php(115): Symfony\Component\Console\Application->doRun()
#19 /home/cloudpanel/htdocs/sachin.mgtcommerce.com/vendor/symfony/console/Application.php(149): Magento\Framework\Console\Cli->doRun()
#20 /home/cloudpanel/htdocs/sachin.mgtcommerce.com/bin/magento(23): Symfony\Component\Console\Application->run()
#21 {main} [] []
[2022-11-17T04:06:46.769323+00:00] main.INFO: Item Magento_Backend::system_currency was removed [] []
[2022-11-17T04:06:46.773317+00:00] main.INFO: Add of item with id Magento_AdminNotification::system_adminnotification was processed [] []
[2022-11-17T04:06:46.773430+00:00] main.INFO: Add of item with id Magento_Theme::design_config was processed [] []
[2022-11-17T04:06:46.773477+00:00] main.INFO: Add of item with id Magento_Theme::system_design_theme was processed [] []
[2022-11-17T04:06:46.773523+00:00] main.INFO: Add of item with id Magento_Config::system_config was processed [] []
[2022-11-17T04:06:46.773562+00:00] main.INFO: Add of item with id Magento_Backend::system_design_schedule was processed [] []
[2022-11-17T04:06:46.773599+00:00] main.INFO: Add of item with id Magento_Backend::system_store was processed [] []
[2022-11-17T04:06:46.773636+00:00] main.INFO: Add of item with id Magento_Backend::dashboard was processed [] []
[2022-11-17T04:06:46.773672+00:00] main.INFO: Add of item with id Magento_Backend::system was processed [] []
[2022-11-17T04:06:46.773714+00:00] main.INFO: Add of item with id Magento_Backend::system_tools was processed [] []
[2022-11-17T04:06:46.773755+00:00] main.INFO: Add of item with id Magento_Backend::system_design was processed [] []
[2022-11-17T04:06:46.773791+00:00] main.INFO: Add of item with id Magento_Backend::system_convert was processed [] []
[2022-11-17T04:06:46.773832+00:00] main.INFO: Add of item with id Magento_Backend::system_cache was processed [] []
[2022-11-17T04:06:46.773868+00:00] main.INFO: Add of item with id Magento_Backend::marketing was processed [] []
[2022-11-17T04:06:46.773908+00:00] main.INFO: Add of item with id Magento_Backend::marketing_communications was processed [] []
[2022-11-17T04:06:46.773944+00:00] main.INFO: Add of item with id Magento_Backend::marketing_seo was processed [] []
[2022-11-17T04:06:46.773980+00:00] main.INFO: Add of item with id Magento_Backend::marketing_user_content was processed [] []
[2022-11-17T04:06:46.774016+00:00] main.INFO: Add of item with id Magento_Backend::content was processed [] []
[2022-11-17T04:06:46.774052+00:00] main.INFO: Add of item with id Magento_Backend::content_elements was processed [] []
[2022-11-17T04:06:46.774087+00:00] main.INFO: Add of item with id Magento_Backend::stores was processed [] []
[2022-11-17T04:06:46.774127+00:00] main.INFO: Add of item with id Magento_Backend::stores_settings was processed [] []
[2022-11-17T04:06:46.774163+00:00] main.INFO: Add of item with id Magento_Backend::stores_attributes was processed [] []
[2022-11-17T04:06:46.774206+00:00] main.INFO: Add of item with id Magento_Backend::other_settings was processed [] []
[2022-11-17T04:06:46.774242+00:00] main.INFO: Add of item with id Magento_Backend::system_other_settings was processed [] []
[2022-11-17T04:06:46.774277+00:00] main.INFO: Add of item with id Magento_Customer::customer was processed [] []
[2022-11-17T04:06:46.774318+00:00] main.INFO: Add of item with id Magento_Customer::customer_manage was processed [] []
[2022-11-17T04:06:46.774354+00:00] main.INFO: Add of item with id Magento_Customer::customer_online was processed [] []
[2022-11-17T04:06:46.774389+00:00] main.INFO: Add of item with id Magento_Customer::customer_group was processed [] []
[2022-11-17T04:06:46.774425+00:00] main.INFO: Add of item with id Magento_User::system_acl was processed [] []
[2022-11-17T04:06:46.774465+00:00] main.INFO: Add of item with id Magento_User::system_acl_users was processed [] []
[2022-11-17T04:06:46.774501+00:00] main.INFO: Add of item with id Magento_User::system_acl_roles was processed [] []
[2022-11-17T04:06:46.774536+00:00] main.INFO: Add of item with id Magento_User::system_acl_locks was processed [] []
[2022-11-17T04:06:46.774572+00:00] main.INFO: Add of item with id Magento_Backup::system_tools_backup was processed [] []
[2022-11-17T04:06:46.774608+00:00] main.INFO: Add of item with id Magento_Indexer::system_index was processed [] []
[2022-11-17T04:06:46.774643+00:00] main.INFO: Add of item with id Magento_Variable::system_variable was processed [] []
[2022-11-17T04:06:46.774683+00:00] main.INFO: Add of item with id Magento_Cms::cms_page was processed [] []
[2022-11-17T04:06:46.774719+00:00] main.INFO: Add of item with id Magento_Cms::cms_block was processed [] []
[2022-11-17T04:06:46.774764+00:00] main.INFO: Add of item with id Magento_Search::search_terms was processed [] []
[2022-11-17T04:06:46.774801+00:00] main.INFO: Add of item with id Magento_Search::search_synonyms was processed [] []
[2022-11-17T04:06:46.774836+00:00] main.INFO: Add of item with id Magento_Catalog::catalog was processed [] []
[2022-11-17T04:06:46.774876+00:00] main.INFO: Add of item with id Magento_Catalog::catalog_products was processed [] []
[2022-11-17T04:06:46.774912+00:00] main.INFO: Add of item with id Magento_Catalog::catalog_categories was processed [] []
[2022-11-17T04:06:46.774952+00:00] main.INFO: Add of item with id Magento_Catalog::catalog_attributes_attributes was processed [] []
[2022-11-17T04:06:46.774987+00:00] main.INFO: Add of item with id Magento_Catalog::catalog_attributes_sets was processed [] []
[2022-11-17T04:06:46.775027+00:00] main.INFO: Add of item with id Magento_Catalog::inventory was processed [] []
[2022-11-17T04:06:46.775063+00:00] main.INFO: Add of item with id Magento_CatalogRule::promo was processed [] []
[2022-11-17T04:06:46.775103+00:00] main.INFO: Add of item with id Magento_CatalogRule::promo_catalog was processed [] []
[2022-11-17T04:06:46.775138+00:00] main.INFO: Add of item with id Magento_MediaGalleryUi::media was processed [] []
[2022-11-17T04:06:46.775178+00:00] main.INFO: Add of item with id Magento_MediaGalleryUi::media_gallery was processed [] []
[2022-11-17T04:06:46.775214+00:00] main.INFO: Add of item with id Magento_Integration::system_extensions was processed [] []
[2022-11-17T04:06:46.775254+00:00] main.INFO: Add of item with id Magento_Integration::system_integrations was processed [] []
[2022-11-17T04:06:46.775289+00:00] main.INFO: Add of item with id Magento_Sales::sales was processed [] []
[2022-11-17T04:06:46.775329+00:00] main.INFO: Add of item with id Magento_Sales::sales_operation was processed [] []
[2022-11-17T04:06:46.775369+00:00] main.INFO: Add of item with id Magento_Sales::sales_order was processed [] []
[2022-11-17T04:06:46.775408+00:00] main.INFO: Add of item with id Magento_Sales::sales_invoice was processed [] []
[2022-11-17T04:06:46.775444+00:00] main.INFO: Add of item with id Magento_Sales::sales_shipment was processed [] []
[2022-11-17T04:06:46.775484+00:00] main.INFO: Add of item with id Magento_Sales::sales_creditmemo was processed [] []
[2022-11-17T04:06:46.775520+00:00] main.INFO: Add of item with id Magento_Sales::sales_transactions was processed [] []
[2022-11-17T04:06:46.775556+00:00] main.INFO: Add of item with id Magento_Sales::system_order_statuses was processed [] []
[2022-11-17T04:06:46.775611+00:00] main.INFO: Add of item with id Magento_Widget::cms_widget_instance was processed [] []
[2022-11-17T04:06:46.775660+00:00] main.INFO: Add of item with id Magento_Analytics::business_intelligence was processed [] []
[2022-11-17T04:06:46.775701+00:00] main.INFO: Add of item with id Magento_Analytics::advanced_reporting was processed [] []
[2022-11-17T04:06:46.775737+00:00] main.INFO: Add of item with id Magento_Analytics::bi_essentials was processed [] []
[2022-11-17T04:06:46.775777+00:00] main.INFO: Add of item with id Magento_Downloadable::report_products_downloads was processed [] []
[2022-11-17T04:06:46.775817+00:00] main.INFO: Add of item with id Magento_ImportExport::system_convert_import was processed [] []
[2022-11-17T04:06:46.775853+00:00] main.INFO: Add of item with id Magento_ImportExport::system_convert_export was processed [] []
[2022-11-17T04:06:46.775888+00:00] main.INFO: Add of item with id Magento_ImportExport::system_convert_history was processed [] []
[2022-11-17T04:06:46.775928+00:00] main.INFO: Add of item with id Magento_Email::template was processed [] []
[2022-11-17T04:06:46.775964+00:00] main.INFO: Add of item with id Magento_EncryptionKey::system_crypt_key was processed [] []
[2022-11-17T04:06:46.775999+00:00] main.INFO: Add of item with id Magento_InventoryAdminUi::inventory was processed [] []
[2022-11-17T04:06:46.776039+00:00] main.INFO: Add of item with id Magento_InventoryAdminUi::source was processed [] []
[2022-11-17T04:06:46.776084+00:00] main.INFO: Add of item with id Magento_InventoryAdminUi::stock was processed [] []
[2022-11-17T04:06:46.776119+00:00] main.INFO: Add of item with id Magento_Reports::report was processed [] []
[2022-11-17T04:06:46.776155+00:00] main.INFO: Add of item with id Magento_Reports::report_marketing was processed [] []
[2022-11-17T04:06:46.776190+00:00] main.INFO: Add of item with id Magento_Reports::report_salesroot was processed [] []
[2022-11-17T04:06:46.776230+00:00] main.INFO: Add of item with id Magento_Reports::report_salesroot_sales was processed [] []
[2022-11-17T04:06:46.776266+00:00] main.INFO: Add of item with id Magento_Reports::report_salesroot_tax was processed [] []
[2022-11-17T04:06:46.776302+00:00] main.INFO: Add of item with id Magento_Reports::report_salesroot_invoiced was processed [] []
[2022-11-17T04:06:46.776337+00:00] main.INFO: Add of item with id Magento_Reports::report_salesroot_shipping was processed [] []
[2022-11-17T04:06:46.776372+00:00] main.INFO: Add of item with id Magento_Reports::report_salesroot_refunded was processed [] []
[2022-11-17T04:06:46.776408+00:00] main.INFO: Add of item with id Magento_Reports::report_salesroot_coupons was processed [] []
[2022-11-17T04:06:46.776447+00:00] main.INFO: Add of item with id Magento_Reports::report_shopcart_product was processed [] []
[2022-11-17T04:06:46.776483+00:00] main.INFO: Add of item with id Magento_Reports::report_shopcart_abandoned was processed [] []
[2022-11-17T04:06:46.776518+00:00] main.INFO: Add of item with id Magento_Reports::report_products was processed [] []
[2022-11-17T04:06:46.776562+00:00] main.INFO: Add of item with id Magento_Reports::report_products_bestsellers was processed [] []
[2022-11-17T04:06:46.776602+00:00] main.INFO: Add of item with id Magento_Reports::report_products_sold was processed [] []
[2022-11-17T04:06:46.776637+00:00] main.INFO: Add of item with id Magento_Reports::report_products_viewed was processed [] []
[2022-11-17T04:06:46.776672+00:00] main.INFO: Add of item with id Magento_Reports::report_products_lowstock was processed [] []
[2022-11-17T04:06:46.776708+00:00] main.INFO: Add of item with id Magento_Reports::report_customers was processed [] []
[2022-11-17T04:06:46.776753+00:00] main.INFO: Add of item with id Magento_Reports::report_customers_accounts was processed [] []
[2022-11-17T04:06:46.776789+00:00] main.INFO: Add of item with id Magento_Reports::report_customers_totals was processed [] []
[2022-11-17T04:06:46.776825+00:00] main.INFO: Add of item with id Magento_Reports::report_customers_orders was processed [] []
[2022-11-17T04:06:46.776860+00:00] main.INFO: Add of item with id Magento_Reports::report_statistics was processed [] []
[2022-11-17T04:06:46.776899+00:00] main.INFO: Add of item with id Magento_Reports::report_statistics_refresh was processed [] []
[2022-11-17T04:06:46.776935+00:00] main.INFO: Add of item with id Magento_Search::report_search_term was processed [] []
[2022-11-17T04:06:46.776971+00:00] main.INFO: Add of item with id Magento_LoginAsCustomerLog::login_log was processed [] []
[2022-11-17T04:06:46.777007+00:00] main.INFO: Add of item with id Magento_Marketplace::partners was processed [] []
[2022-11-17T04:06:46.777042+00:00] main.INFO: Add of item with id Magento_Newsletter::newsletter_template was processed [] []
[2022-11-17T04:06:46.777077+00:00] main.INFO: Add of item with id Magento_Newsletter::newsletter_queue was processed [] []
[2022-11-17T04:06:46.777113+00:00] main.INFO: Add of item with id Magento_Newsletter::newsletter_subscriber was processed [] []
[2022-11-17T04:06:46.777148+00:00] main.INFO: Add of item with id Magento_Newsletter::newsletter_problem was processed [] []
[2022-11-17T04:06:46.777183+00:00] main.INFO: Add of item with id Magento_SalesRule::promo_quote was processed [] []
[2022-11-17T04:06:46.777219+00:00] main.INFO: Add of item with id Magento_Sitemap::catalog_sitemap was processed [] []
[2022-11-17T04:06:46.777254+00:00] main.INFO: Add of item with id Magento_PageBuilder::templates was processed [] []
[2022-11-17T04:06:46.777294+00:00] main.INFO: Add of item with id Magento_Paypal::report_salesroot_paypal_settlement_reports was processed [] []
[2022-11-17T04:06:46.777331+00:00] main.INFO: Add of item with id Magento_Paypal::paypal_billing_agreement was processed [] []
[2022-11-17T04:06:46.777367+00:00] main.INFO: Add of item with id Magento_CheckoutAgreements::sales_checkoutagreement was processed [] []
[2022-11-17T04:06:46.777402+00:00] main.INFO: Add of item with id Magento_Review::catalog_reviews_ratings_ratings was processed [] []
[2022-11-17T04:06:46.777443+00:00] main.INFO: Add of item with id Magento_Review::catalog_reviews_ratings_pending was processed [] []
[2022-11-17T04:06:46.777478+00:00] main.INFO: Add of item with id Magento_Review::catalog_reviews_ratings_reviews_all was processed [] []
[2022-11-17T04:06:46.777514+00:00] main.INFO: Add of item with id Magento_Review::report_review was processed [] []
[2022-11-17T04:06:46.777554+00:00] main.INFO: Add of item with id Magento_Review::report_review_customer was processed [] []
[2022-11-17T04:06:46.777590+00:00] main.INFO: Add of item with id Magento_Review::report_review_product was processed [] []
[2022-11-17T04:06:46.777625+00:00] main.INFO: Add of item with id Magento_UrlRewrite::urlrewrite was processed [] []
[2022-11-17T04:06:46.777661+00:00] main.INFO: Add of item with id Magento_Tax::sales_tax was processed [] []
[2022-11-17T04:06:46.777701+00:00] main.INFO: Add of item with id Magento_Tax::sales_tax_rules was processed [] []
[2022-11-17T04:06:46.777736+00:00] main.INFO: Add of item with id Magento_Tax::sales_tax_rates was processed [] []
[2022-11-17T04:06:46.777772+00:00] main.INFO: Add of item with id Magento_TaxImportExport::system_convert_tax was processed [] []
[2022-11-17T04:06:46.777807+00:00] main.INFO: Add of item with id Magento_AsynchronousOperations::system_magento_logging was processed [] []
[2022-11-17T04:06:46.777848+00:00] main.INFO: Add of item with id Magento_AsynchronousOperations::system_magento_logging_bulk_operations was processed [] []
[2022-11-17T04:06:46.777885+00:00] main.INFO: Add of item with id Magento_CurrencySymbol::system_currency was processed [] []
[2022-11-17T04:06:46.777925+00:00] main.INFO: Add of item with id Magento_CurrencySymbol::system_currency_rates was processed [] []
[2022-11-17T04:06:46.777965+00:00] main.INFO: Add of item with id Magento_CurrencySymbol::system_currency_symbols was processed [] []
[2022-11-17T04:06:46.778000+00:00] main.INFO: Add of item with id PayPal_Braintree::settlement_report was processed [] []
[2022-11-17T04:06:46.778036+00:00] main.INFO: Add of item with id PayPal_Braintree::virtual_terminal was processed [] []
[2022-11-17T05:21:02.155932+00:00] main.INFO: Item Magento_Backend::system_currency was removed [] []
[2022-11-17T05:21:02.161474+00:00] main.INFO: Add of item with id Magento_AdminNotification::system_adminnotification was processed [] []
[2022-11-17T05:21:02.161589+00:00] main.INFO: Add of item with id Magento_Theme::design_config was processed [] []
[2022-11-17T05:21:02.161624+00:00] main.INFO: Add of item with id Magento_Theme::system_design_theme was processed [] []
[2022-11-17T05:21:02.161665+00:00] main.INFO: Add of item with id Magento_Config::system_config was processed [] []
[2022-11-17T05:21:02.161694+00:00] main.INFO: Add of item with id Magento_Backend::system_design_schedule was processed [] []
[2022-11-17T05:21:02.161721+00:00] main.INFO: Add of item with id Magento_Backend::system_store was processed [] []
[2022-11-17T05:21:02.161746+00:00] main.INFO: Add of item with id Magento_Backend::dashboard was processed [] []
[2022-11-17T05:21:02.161772+00:00] main.INFO: Add of item with id Magento_Backend::system was processed [] []
[2022-11-17T05:21:02.161809+00:00] main.INFO: Add of item with id Magento_Backend::system_tools was processed [] []
[2022-11-17T05:21:02.161845+00:00] main.INFO: Add of item with id Magento_Backend::system_design was processed [] []
[2022-11-17T05:21:02.161871+00:00] main.INFO: Add of item with id Magento_Backend::system_convert was processed [] []
[2022-11-17T05:21:02.161923+00:00] main.INFO: Add of item with id Magento_Backend::system_cache was processed [] []
[2022-11-17T05:21:02.161950+00:00] main.INFO: Add of item with id Magento_Backend::marketing was processed [] []
[2022-11-17T05:21:02.161984+00:00] main.INFO: Add of item with id Magento_Backend::marketing_communications was processed [] []
[2022-11-17T05:21:02.162010+00:00] main.INFO: Add of item with id Magento_Backend::marketing_seo was processed [] []
[2022-11-17T05:21:02.162035+00:00] main.INFO: Add of item with id Magento_Backend::marketing_user_content was processed [] []
[2022-11-17T05:21:02.162059+00:00] main.INFO: Add of item with id Magento_Backend::content was processed [] []
[2022-11-17T05:21:02.162084+00:00] main.INFO: Add of item with id Magento_Backend::content_elements was processed [] []
[2022-11-17T05:21:02.162108+00:00] main.INFO: Add of item with id Magento_Backend::stores was processed [] []
[2022-11-17T05:21:02.162143+00:00] main.INFO: Add of item with id Magento_Backend::stores_settings was processed [] []
[2022-11-17T05:21:02.162168+00:00] main.INFO: Add of item with id Magento_Backend::stores_attributes was processed [] []
[2022-11-17T05:21:02.162192+00:00] main.INFO: Add of item with id Magento_Backend::other_settings was processed [] []
[2022-11-17T05:21:02.162216+00:00] main.INFO: Add of item with id Magento_Backend::system_other_settings was processed [] []
[2022-11-17T05:21:02.162241+00:00] main.INFO: Add of item with id Magento_Customer::customer was processed [] []
[2022-11-17T05:21:02.162274+00:00] main.INFO: Add of item with id Magento_Customer::customer_manage was processed [] []
[2022-11-17T05:21:02.162299+00:00] main.INFO: Add of item with id Magento_Customer::customer_online was processed [] []
[2022-11-17T05:21:02.162324+00:00] main.INFO: Add of item with id Magento_Customer::customer_group was processed [] []
[2022-11-17T05:21:02.162348+00:00] main.INFO: Add of item with id Magento_User::system_acl was processed [] []
[2022-11-17T05:21:02.162382+00:00] main.INFO: Add of item with id Magento_User::system_acl_users was processed [] []
[2022-11-17T05:21:02.162407+00:00] main.INFO: Add of item with id Magento_User::system_acl_roles was processed [] []
[2022-11-17T05:21:02.162431+00:00] main.INFO: Add of item with id Magento_User::system_acl_locks was processed [] []
[2022-11-17T05:21:02.162456+00:00] main.INFO: Add of item with id Magento_Backup::system_tools_backup was processed [] []
[2022-11-17T05:21:02.162480+00:00] main.INFO: Add of item with id Magento_Indexer::system_index was processed [] []
[2022-11-17T05:21:02.162504+00:00] main.INFO: Add of item with id Magento_Variable::system_variable was processed [] []
[2022-11-17T05:21:02.162538+00:00] main.INFO: Add of item with id Magento_Cms::cms_page was processed [] []
[2022-11-17T05:21:02.162564+00:00] main.INFO: Add of item with id Magento_Cms::cms_block was processed [] []
[2022-11-17T05:21:02.162598+00:00] main.INFO: Add of item with id Magento_Search::search_terms was processed [] []
[2022-11-17T05:21:02.162622+00:00] main.INFO: Add of item with id Magento_Search::search_synonyms was processed [] []
[2022-11-17T05:21:02.162646+00:00] main.INFO: Add of item with id Magento_Catalog::catalog was processed [] []
[2022-11-17T05:21:02.162679+00:00] main.INFO: Add of item with id Magento_Catalog::catalog_products was processed [] []
[2022-11-17T05:21:02.162704+00:00] main.INFO: Add of item with id Magento_Catalog::catalog_categories was processed [] []
[2022-11-17T05:21:02.162737+00:00] main.INFO: Add of item with id Magento_Catalog::catalog_attributes_attributes was processed [] []
[2022-11-17T05:21:02.162763+00:00] main.INFO: Add of item with id Magento_Catalog::catalog_attributes_sets was processed [] []
[2022-11-17T05:21:02.162796+00:00] main.INFO: Add of item with id Magento_Catalog::inventory was processed [] []
[2022-11-17T05:21:02.162821+00:00] main.INFO: Add of item with id Magento_CatalogRule::promo was processed [] []
[2022-11-17T05:21:02.162854+00:00] main.INFO: Add of item with id Magento_CatalogRule::promo_catalog was processed [] []
[2022-11-17T05:21:02.162884+00:00] main.INFO: Add of item with id Magento_MediaGalleryUi::media was processed [] []
[2022-11-17T05:21:02.162919+00:00] main.INFO: Add of item with id Magento_MediaGalleryUi::media_gallery was processed [] []
[2022-11-17T05:21:02.162944+00:00] main.INFO: Add of item with id Magento_Integration::system_extensions was processed [] []
[2022-11-17T05:21:02.162977+00:00] main.INFO: Add of item with id Magento_Integration::system_integrations was processed [] []
[2022-11-17T05:21:02.163002+00:00] main.INFO: Add of item with id Magento_Sales::sales was processed [] []
[2022-11-17T05:21:02.163035+00:00] main.INFO: Add of item with id Magento_Sales::sales_operation was processed [] []
[2022-11-17T05:21:02.163069+00:00] main.INFO: Add of item with id Magento_Sales::sales_order was processed [] []
[2022-11-17T05:21:02.163094+00:00] main.INFO: Add of item with id Magento_Sales::sales_invoice was processed [] []
[2022-11-17T05:21:02.163118+00:00] main.INFO: Add of item with id Magento_Sales::sales_shipment was processed [] []
[2022-11-17T05:21:02.163143+00:00] main.INFO: Add of item with id Magento_Sales::sales_creditmemo was processed [] []
[2022-11-17T05:21:02.163167+00:00] main.INFO: Add of item with id Magento_Sales::sales_transactions was processed [] []
[2022-11-17T05:21:02.163191+00:00] main.INFO: Add of item with id Magento_Sales::system_order_statuses was processed [] []
[2022-11-17T05:21:02.163216+00:00] main.INFO: Add of item with id Magento_Widget::cms_widget_instance was processed [] []
[2022-11-17T05:21:02.163249+00:00] main.INFO: Add of item with id Magento_Analytics::business_intelligence was processed [] []
[2022-11-17T05:21:02.163282+00:00] main.INFO: Add of item with id Magento_Analytics::advanced_reporting was processed [] []
[2022-11-17T05:21:02.163308+00:00] main.INFO: Add of item with id Magento_Analytics::bi_essentials was processed [] []
[2022-11-17T05:21:02.163341+00:00] main.INFO: Add of item with id Magento_Downloadable::report_products_downloads was processed [] []
[2022-11-17T05:21:02.163375+00:00] main.INFO: Add of item with id Magento_ImportExport::system_convert_import was processed [] []
[2022-11-17T05:21:02.163400+00:00] main.INFO: Add of item with id Magento_ImportExport::system_convert_export was processed [] []
[2022-11-17T05:21:02.163424+00:00] main.INFO: Add of item with id Magento_ImportExport::system_convert_history was processed [] []
[2022-11-17T05:21:02.163457+00:00] main.INFO: Add of item with id Magento_Email::template was processed [] []
[2022-11-17T05:21:02.163495+00:00] main.INFO: Add of item with id Magento_EncryptionKey::system_crypt_key was processed [] []
[2022-11-17T05:21:02.163520+00:00] main.INFO: Add of item with id Magento_InventoryAdminUi::inventory was processed [] []
[2022-11-17T05:21:02.163554+00:00] main.INFO: Add of item with id Magento_InventoryAdminUi::source was processed [] []
[2022-11-17T05:21:02.163579+00:00] main.INFO: Add of item with id Magento_InventoryAdminUi::stock was processed [] []
[2022-11-17T05:21:02.163603+00:00] main.INFO: Add of item with id Magento_Reports::report was processed [] []
[2022-11-17T05:21:02.163628+00:00] main.INFO: Add of item with id Magento_Reports::report_marketing was processed [] []
[2022-11-17T05:21:02.163652+00:00] main.INFO: Add of item with id Magento_Reports::report_salesroot was processed [] []
[2022-11-17T05:21:02.163685+00:00] main.INFO: Add of item with id Magento_Reports::report_salesroot_sales was processed [] []
[2022-11-17T05:21:02.163710+00:00] main.INFO: Add of item with id Magento_Reports::report_salesroot_tax was processed [] []
[2022-11-17T05:21:02.163735+00:00] main.INFO: Add of item with id Magento_Reports::report_salesroot_invoiced was processed [] []
[2022-11-17T05:21:02.163759+00:00] main.INFO: Add of item with id Magento_Reports::report_salesroot_shipping was processed [] []
[2022-11-17T05:21:02.163783+00:00] main.INFO: Add of item with id Magento_Reports::report_salesroot_refunded was processed [] []
[2022-11-17T05:21:02.163807+00:00] main.INFO: Add of item with id Magento_Reports::report_salesroot_coupons was processed [] []
[2022-11-17T05:21:02.163846+00:00] main.INFO: Add of item with id Magento_Reports::report_shopcart_product was processed [] []
[2022-11-17T05:21:02.163872+00:00] main.INFO: Add of item with id Magento_Reports::report_shopcart_abandoned was processed [] []
[2022-11-17T05:21:02.163896+00:00] main.INFO: Add of item with id Magento_Reports::report_products was processed [] []
[2022-11-17T05:21:02.163920+00:00] main.INFO: Add of item with id Magento_Reports::report_products_bestsellers was processed [] []
[2022-11-17T05:21:02.163944+00:00] main.INFO: Add of item with id Magento_Reports::report_products_sold was processed [] []
[2022-11-17T05:21:02.163968+00:00] main.INFO: Add of item with id Magento_Reports::report_products_viewed was processed [] []
[2022-11-17T05:21:02.163992+00:00] main.INFO: Add of item with id Magento_Reports::report_products_lowstock was processed [] []
[2022-11-17T05:21:02.164017+00:00] main.INFO: Add of item with id Magento_Reports::report_customers was processed [] []
[2022-11-17T05:21:02.164050+00:00] main.INFO: Add of item with id Magento_Reports::report_customers_accounts was processed [] []
[2022-11-17T05:21:02.164075+00:00] main.INFO: Add of item with id Magento_Reports::report_customers_totals was processed [] []
[2022-11-17T05:21:02.164100+00:00] main.INFO: Add of item with id Magento_Reports::report_customers_orders was processed [] []
[2022-11-17T05:21:02.164124+00:00] main.INFO: Add of item with id Magento_Reports::report_statistics was processed [] []
[2022-11-17T05:21:02.164158+00:00] main.INFO: Add of item with id Magento_Reports::report_statistics_refresh was processed [] []
[2022-11-17T05:21:02.164182+00:00] main.INFO: Add of item with id Magento_Search::report_search_term was processed [] []
[2022-11-17T05:21:02.164207+00:00] main.INFO: Add of item with id Magento_LoginAsCustomerLog::login_log was processed [] []
[2022-11-17T05:21:02.164231+00:00] main.INFO: Add of item with id Magento_Marketplace::partners was processed [] []
[2022-11-17T05:21:02.164255+00:00] main.INFO: Add of item with id Magento_Newsletter::newsletter_template was processed [] []
[2022-11-17T05:21:02.164279+00:00] main.INFO: Add of item with id Magento_Newsletter::newsletter_queue was processed [] []
[2022-11-17T05:21:02.164304+00:00] main.INFO: Add of item with id Magento_Newsletter::newsletter_subscriber was processed [] []
[2022-11-17T05:21:02.164328+00:00] main.INFO: Add of item with id Magento_Newsletter::newsletter_problem was processed [] []
[2022-11-17T05:21:02.164352+00:00] main.INFO: Add of item with id Magento_SalesRule::promo_quote was processed [] []
[2022-11-17T05:21:02.164376+00:00] main.INFO: Add of item with id Magento_Sitemap::catalog_sitemap was processed [] []
[2022-11-17T05:21:02.164400+00:00] main.INFO: Add of item with id Magento_PageBuilder::templates was processed [] []
[2022-11-17T05:21:02.164424+00:00] main.INFO: Add of item with id Magento_Paypal::report_salesroot_paypal_settlement_reports was processed [] []
[2022-11-17T05:21:02.164449+00:00] main.INFO: Add of item with id Magento_Paypal::paypal_billing_agreement was processed [] []
[2022-11-17T05:21:02.164473+00:00] main.INFO: Add of item with id Magento_CheckoutAgreements::sales_checkoutagreement was processed [] []
[2022-11-17T05:21:02.164498+00:00] main.INFO: Add of item with id Magento_Review::catalog_reviews_ratings_ratings was processed [] []
[2022-11-17T05:21:02.164531+00:00] main.INFO: Add of item with id Magento_Review::catalog_reviews_ratings_pending was processed [] []
[2022-11-17T05:21:02.164556+00:00] main.INFO: Add of item with id Magento_Review::catalog_reviews_ratings_reviews_all was processed [] []
[2022-11-17T05:21:02.164580+00:00] main.INFO: Add of item with id Magento_Review::report_review was processed [] []
[2022-11-17T05:21:02.164614+00:00] main.INFO: Add of item with id Magento_Review::report_review_customer was processed [] []
[2022-11-17T05:21:02.164639+00:00] main.INFO: Add of item with id Magento_Review::report_review_product was processed [] []
[2022-11-17T05:21:02.164668+00:00] main.INFO: Add of item with id Magento_UrlRewrite::urlrewrite was processed [] []
[2022-11-17T05:21:02.164693+00:00] main.INFO: Add of item with id Magento_Tax::sales_tax was processed [] []
[2022-11-17T05:21:02.164726+00:00] main.INFO: Add of item with id Magento_Tax::sales_tax_rules was processed [] []
[2022-11-17T05:21:02.164751+00:00] main.INFO: Add of item with id Magento_Tax::sales_tax_rates was processed [] []
[2022-11-17T05:21:02.164775+00:00] main.INFO: Add of item with id Magento_TaxImportExport::system_convert_tax was processed [] []
[2022-11-17T05:21:02.164800+00:00] main.INFO: Add of item with id Magento_AsynchronousOperations::system_magento_logging was processed [] []
[2022-11-17T05:21:02.164834+00:00] main.INFO: Add of item with id Magento_AsynchronousOperations::system_magento_logging_bulk_operations was processed [] []
[2022-11-17T05:21:02.164859+00:00] main.INFO: Add of item with id Magento_CurrencySymbol::system_currency was processed [] []
[2022-11-17T05:21:02.164893+00:00] main.INFO: Add of item with id Magento_CurrencySymbol::system_currency_rates was processed [] []
[2022-11-17T05:21:02.164917+00:00] main.INFO: Add of item with id Magento_CurrencySymbol::system_currency_symbols was processed [] []
[2022-11-17T05:21:02.164963+00:00] main.INFO: Add of item with id PayPal_Braintree::settlement_report was processed [] []
[2022-11-17T05:21:02.164988+00:00] main.INFO: Add of item with id PayPal_Braintree::virtual_terminal was processed [] []
[2022-11-17T05:23:50.298637+00:00] main.CRITICAL: Exception message: Web Acl "Sachin-MGT-MGT-Web-ACL" does not exist in AWS Region "us-east-1".
Trace: <pre>#1 Mgt\Waf\Model\Plugin\Waf->validate() called at [app/code/Mgt/Waf/Model/Plugin/Waf.php:2]
#2 Mgt\Waf\Model\Plugin\Waf->beforeSave() called at [vendor/magento/framework/Interception/Interceptor.php:121]
#3 Magento\Config\Model\Config\Interceptor->Magento\Framework\Interception\{closure}() called at [vendor/magento/framework/Interception/Interceptor.php:153]
#4 Magento\Config\Model\Config\Interceptor->___callPlugins() called at [generated/code/Magento/Config/Model/Config/Interceptor.php:23]
#5 Magento\Config\Model\Config\Interceptor->save() called at [vendor/magento/module-config/Controller/Adminhtml/System/Config/Save.php:226]
#6 Magento\Config\Controller\Adminhtml\System\Config\Save->execute() called at [vendor/magento/framework/Interception/Interceptor.php:58]
#7 Magento\Config\Controller\Adminhtml\System\Config\Save\Interceptor->___callParent() called at [vendor/magento/framework/Interception/Interceptor.php:138]
#8 Magento\Config\Controller\Adminhtml\System\Config\Save\Interceptor->Magento\Framework\Interception\{closure}() called at [vendor/magento/framework/Interception/Interceptor.php:153]
#9 Magento\Config\Controller\Adminhtml\System\Config\Save\Interceptor->___callPlugins() called at [generated/code/Magento/Config/Controller/Adminhtml/System/Config/Save/Interceptor.php:23]
#10 Magento\Config\Controller\Adminhtml\System\Config\Save\Interceptor->execute() called at [vendor/magento/framework/App/Action/Action.php:111]
#11 Magento\Framework\App\Action\Action->dispatch() called at [vendor/magento/module-backend/App/AbstractAction.php:151]
#12 Magento\Backend\App\AbstractAction->dispatch() called at [vendor/magento/module-config/Controller/Adminhtml/System/AbstractConfig.php:69]
#13 Magento\Config\Controller\Adminhtml\System\AbstractConfig->dispatch() called at [vendor/magento/framework/Interception/Interceptor.php:58]
#14 Magento\Config\Controller\Adminhtml\System\Config\Save\Interceptor->___callParent() called at [vendor/magento/framework/Interception/Interceptor.php:138]
#15 Magento\Config\Controller\Adminhtml\System\Config\Save\Interceptor->Magento\Framework\Interception\{closure}() called at [vendor/magento/module-backend/App/Action/Plugin/Authentication.php:145]
#16 Magento\Backend\App\Action\Plugin\Authentication->aroundDispatch() called at [vendor/magento/framework/Interception/Interceptor.php:135]
#17 Magento\Config\Controller\Adminhtml\System\Config\Save\Interceptor->Magento\Framework\Interception\{closure}() called at [vendor/magento/framework/Interception/Interceptor.php:153]
#18 Magento\Config\Controller\Adminhtml\System\Config\Save\Interceptor->___callPlugins() called at [generated/code/Magento/Config/Controller/Adminhtml/System/Config/Save/Interceptor.php:32]
#19 Magento\Config\Controller\Adminhtml\System\Config\Save\Interceptor->dispatch() called at [vendor/magento/framework/App/FrontController.php:245]
#20 Magento\Framework\App\FrontController->getActionResponse() called at [vendor/magento/framework/App/FrontController.php:212]
#21 Magento\Framework\App\FrontController->processRequest() called at [vendor/magento/framework/App/FrontController.php:147]
#22 Magento\Framework\App\FrontController->dispatch() called at [vendor/magento/framework/Interception/Interceptor.php:58]
#23 Magento\Framework\App\FrontController\Interceptor->___callParent() called at [vendor/magento/framework/Interception/Interceptor.php:138]
#24 Magento\Framework\App\FrontController\Interceptor->Magento\Framework\Interception\{closure}() called at [vendor/magento/framework/Interception/Interceptor.php:153]
#25 Magento\Framework\App\FrontController\Interceptor->___callPlugins() called at [generated/code/Magento/Framework/App/FrontController/Interceptor.php:23]
#26 Magento\Framework\App\FrontController\Interceptor->dispatch() called at [vendor/magento/framework/App/Http.php:116]
#27 Magento\Framework\App\Http->launch() called at [generated/code/Magento/Framework/App/Http/Interceptor.php:23]
#28 Magento\Framework\App\Http\Interceptor->launch() called at [vendor/magento/framework/App/Bootstrap.php:264]
#29 Magento\Framework\App\Bootstrap->run() called at [pub/index.php:30]
</pre> [] []
[2022-11-17T05:24:04.352543+00:00] main.INFO: Item Magento_Backend::system_currency was removed [] []
[2022-11-17T05:24:04.355569+00:00] main.INFO: Add of item with id Magento_AdminNotification::system_adminnotification was processed [] []
[2022-11-17T05:24:04.355652+00:00] main.INFO: Add of item with id Magento_Theme::design_config was processed [] []
[2022-11-17T05:24:04.355688+00:00] main.INFO: Add of item with id Magento_Theme::system_design_theme was processed [] []
[2022-11-17T05:24:04.355727+00:00] main.INFO: Add of item with id Magento_Config::system_config was processed [] []
[2022-11-17T05:24:04.355755+00:00] main.INFO: Add of item with id Magento_Backend::system_design_schedule was processed [] []
[2022-11-17T05:24:04.355781+00:00] main.INFO: Add of item with id Magento_Backend::system_store was processed [] []
[2022-11-17T05:24:04.355806+00:00] main.INFO: Add of item with id Magento_Backend::dashboard was processed [] []
[2022-11-17T05:24:04.355831+00:00] main.INFO: Add of item with id Magento_Backend::system was processed [] []
[2022-11-17T05:24:04.355866+00:00] main.INFO: Add of item with id Magento_Backend::system_tools was processed [] []
[2022-11-17T05:24:04.355901+00:00] main.INFO: Add of item with id Magento_Backend::system_design was processed [] []
[2022-11-17T05:24:04.355927+00:00] main.INFO: Add of item with id Magento_Backend::system_convert was processed [] []
[2022-11-17T05:24:04.355961+00:00] main.INFO: Add of item with id Magento_Backend::system_cache was processed [] []
[2022-11-17T05:24:04.355986+00:00] main.INFO: Add of item with id Magento_Backend::marketing was processed [] []
[2022-11-17T05:24:04.356020+00:00] main.INFO: Add of item with id Magento_Backend::marketing_communications was processed [] []
[2022-11-17T05:24:04.356045+00:00] main.INFO: Add of item with id Magento_Backend::marketing_seo was processed [] []
[2022-11-17T05:24:04.356069+00:00] main.INFO: Add of item with id Magento_Backend::marketing_user_content was processed [] []
[2022-11-17T05:24:04.356094+00:00] main.INFO: Add of item with id Magento_Backend::content was processed [] []
[2022-11-17T05:24:04.356118+00:00] main.INFO: Add of item with id Magento_Backend::content_elements was processed [] []
[2022-11-17T05:24:04.356142+00:00] main.INFO: Add of item with id Magento_Backend::stores was processed [] []
[2022-11-17T05:24:04.356188+00:00] main.INFO: Add of item with id Magento_Backend::stores_settings was processed [] []
[2022-11-17T05:24:04.356214+00:00] main.INFO: Add of item with id Magento_Backend::stores_attributes was processed [] []
[2022-11-17T05:24:04.356238+00:00] main.INFO: Add of item with id Magento_Backend::other_settings was processed [] []
[2022-11-17T05:24:04.356263+00:00] main.INFO: Add of item with id Magento_Backend::system_other_settings was processed [] []
[2022-11-17T05:24:04.356287+00:00] main.INFO: Add of item with id Magento_Customer::customer was processed [] []
[2022-11-17T05:24:04.356321+00:00] main.INFO: Add of item with id Magento_Customer::customer_manage was processed [] []
[2022-11-17T05:24:04.356345+00:00] main.INFO: Add of item with id Magento_Customer::customer_online was processed [] []
[2022-11-17T05:24:04.356370+00:00] main.INFO: Add of item with id Magento_Customer::customer_group was processed [] []
[2022-11-17T05:24:04.356394+00:00] main.INFO: Add of item with id Magento_User::system_acl was processed [] []
[2022-11-17T05:24:04.356428+00:00] main.INFO: Add of item with id Magento_User::system_acl_users was processed [] []
[2022-11-17T05:24:04.356452+00:00] main.INFO: Add of item with id Magento_User::system_acl_roles was processed [] []
[2022-11-17T05:24:04.356477+00:00] main.INFO: Add of item with id Magento_User::system_acl_locks was processed [] []
[2022-11-17T05:24:04.356501+00:00] main.INFO: Add of item with id Magento_Backup::system_tools_backup was processed [] []
[2022-11-17T05:24:04.356525+00:00] main.INFO: Add of item with id Magento_Indexer::system_index was processed [] []
[2022-11-17T05:24:04.356550+00:00] main.INFO: Add of item with id Magento_Variable::system_variable was processed [] []
[2022-11-17T05:24:04.356583+00:00] main.INFO: Add of item with id Magento_Cms::cms_page was processed [] []
[2022-11-17T05:24:04.356608+00:00] main.INFO: Add of item with id Magento_Cms::cms_block was processed [] []
[2022-11-17T05:24:04.356642+00:00] main.INFO: Add of item with id Magento_Search::search_terms was processed [] []
[2022-11-17T05:24:04.356667+00:00] main.INFO: Add of item with id Magento_Search::search_synonyms was processed [] []
[2022-11-17T05:24:04.356691+00:00] main.INFO: Add of item with id Magento_Catalog::catalog was processed [] []
[2022-11-17T05:24:04.356724+00:00] main.INFO: Add of item with id Magento_Catalog::catalog_products was processed [] []
[2022-11-17T05:24:04.356749+00:00] main.INFO: Add of item with id Magento_Catalog::catalog_categories was processed [] []
[2022-11-17T05:24:04.356782+00:00] main.INFO: Add of item with id Magento_Catalog::catalog_attributes_attributes was processed [] []
[2022-11-17T05:24:04.356807+00:00] main.INFO: Add of item with id Magento_Catalog::catalog_attributes_sets was processed [] []
[2022-11-17T05:24:04.356840+00:00] main.INFO: Add of item with id Magento_Catalog::inventory was processed [] []
[2022-11-17T05:24:04.356865+00:00] main.INFO: Add of item with id Magento_CatalogRule::promo was processed [] []
[2022-11-17T05:24:04.356898+00:00] main.INFO: Add of item with id Magento_CatalogRule::promo_catalog was processed [] []
[2022-11-17T05:24:04.356942+00:00] main.INFO: Add of item with id Magento_MediaGalleryUi::media was processed [] []
[2022-11-17T05:24:04.356983+00:00] main.INFO: Add of item with id Magento_MediaGalleryUi::media_gallery was processed [] []
[2022-11-17T05:24:04.357009+00:00] main.INFO: Add of item with id Magento_Integration::system_extensions was processed [] []
[2022-11-17T05:24:04.357043+00:00] main.INFO: Add of item with id Magento_Integration::system_integrations was processed [] []
[2022-11-17T05:24:04.357068+00:00] main.INFO: Add of item with id Magento_Sales::sales was processed [] []
[2022-11-17T05:24:04.357102+00:00] main.INFO: Add of item with id Magento_Sales::sales_operation was processed [] []
[2022-11-17T05:24:04.357135+00:00] main.INFO: Add of item with id Magento_Sales::sales_order was processed [] []
[2022-11-17T05:24:04.357160+00:00] main.INFO: Add of item with id Magento_Sales::sales_invoice was processed [] []
[2022-11-17T05:24:04.357190+00:00] main.INFO: Add of item with id Magento_Sales::sales_shipment was processed [] []
[2022-11-17T05:24:04.357215+00:00] main.INFO: Add of item with id Magento_Sales::sales_creditmemo was processed [] []
[2022-11-17T05:24:04.357239+00:00] main.INFO: Add of item with id Magento_Sales::sales_transactions was processed [] []
[2022-11-17T05:24:04.357263+00:00] main.INFO: Add of item with id Magento_Sales::system_order_statuses was processed [] []
[2022-11-17T05:24:04.357288+00:00] main.INFO: Add of item with id Magento_Widget::cms_widget_instance was processed [] []
[2022-11-17T05:24:04.357321+00:00] main.INFO: Add of item with id Magento_Analytics::business_intelligence was processed [] []
[2022-11-17T05:24:04.357355+00:00] main.INFO: Add of item with id Magento_Analytics::advanced_reporting was processed [] []
[2022-11-17T05:24:04.357380+00:00] main.INFO: Add of item with id Magento_Analytics::bi_essentials was processed [] []
[2022-11-17T05:24:04.357413+00:00] main.INFO: Add of item with id Magento_Downloadable::report_products_downloads was processed [] []
[2022-11-17T05:24:04.357447+00:00] main.INFO: Add of item with id Magento_ImportExport::system_convert_import was processed [] []
[2022-11-17T05:24:04.357471+00:00] main.INFO: Add of item with id Magento_ImportExport::system_convert_export was processed [] []
[2022-11-17T05:24:04.357495+00:00] main.INFO: Add of item with id Magento_ImportExport::system_convert_history was processed [] []
[2022-11-17T05:24:04.357528+00:00] main.INFO: Add of item with id Magento_Email::template was processed [] []
[2022-11-17T05:24:04.357553+00:00] main.INFO: Add of item with id Magento_EncryptionKey::system_crypt_key was processed [] []
[2022-11-17T05:24:04.357577+00:00] main.INFO: Add of item with id Magento_InventoryAdminUi::inventory was processed [] []
[2022-11-17T05:24:04.357610+00:00] main.INFO: Add of item with id Magento_InventoryAdminUi::source was processed [] []
[2022-11-17T05:24:04.357635+00:00] main.INFO: Add of item with id Magento_InventoryAdminUi::stock was processed [] []
[2022-11-17T05:24:04.357659+00:00] main.INFO: Add of item with id Magento_Reports::report was processed [] []
[2022-11-17T05:24:04.357683+00:00] main.INFO: Add of item with id Magento_Reports::report_marketing was processed [] []
[2022-11-17T05:24:04.357707+00:00] main.INFO: Add of item with id Magento_Reports::report_salesroot was processed [] []
[2022-11-17T05:24:04.357740+00:00] main.INFO: Add of item with id Magento_Reports::report_salesroot_sales was processed [] []
[2022-11-17T05:24:04.357765+00:00] main.INFO: Add of item with id Magento_Reports::report_salesroot_tax was processed [] []
[2022-11-17T05:24:04.357789+00:00] main.INFO: Add of item with id Magento_Reports::report_salesroot_invoiced was processed [] []
[2022-11-17T05:24:04.357813+00:00] main.INFO: Add of item with id Magento_Reports::report_salesroot_shipping was processed [] []
[2022-11-17T05:24:04.357837+00:00] main.INFO: Add of item with id Magento_Reports::report_salesroot_refunded was processed [] []
[2022-11-17T05:24:04.357861+00:00] main.INFO: Add of item with id Magento_Reports::report_salesroot_coupons was processed [] []
[2022-11-17T05:24:04.357893+00:00] main.INFO: Add of item with id Magento_Reports::report_shopcart_product was processed [] []
[2022-11-17T05:24:04.357918+00:00] main.INFO: Add of item with id Magento_Reports::report_shopcart_abandoned was processed [] []
[2022-11-17T05:24:04.357942+00:00] main.INFO: Add of item with id Magento_Reports::report_products was processed [] []
[2022-11-17T05:24:04.357966+00:00] main.INFO: Add of item with id Magento_Reports::report_products_bestsellers was processed [] []
[2022-11-17T05:24:04.357990+00:00] main.INFO: Add of item with id Magento_Reports::report_products_sold was processed [] []
[2022-11-17T05:24:04.358014+00:00] main.INFO: Add of item with id Magento_Reports::report_products_viewed was processed [] []
[2022-11-17T05:24:04.358038+00:00] main.INFO: Add of item with id Magento_Reports::report_products_lowstock was processed [] []
[2022-11-17T05:24:04.358068+00:00] main.INFO: Add of item with id Magento_Reports::report_customers was processed [] []
[2022-11-17T05:24:04.358101+00:00] main.INFO: Add of item with id Magento_Reports::report_customers_accounts was processed [] []
[2022-11-17T05:24:04.358126+00:00] main.INFO: Add of item with id Magento_Reports::report_customers_totals was processed [] []
[2022-11-17T05:24:04.358150+00:00] main.INFO: Add of item with id Magento_Reports::report_customers_orders was processed [] []
[2022-11-17T05:24:04.358174+00:00] main.INFO: Add of item with id Magento_Reports::report_statistics was processed [] []
[2022-11-17T05:24:04.358208+00:00] main.INFO: Add of item with id Magento_Reports::report_statistics_refresh was processed [] []
[2022-11-17T05:24:04.358233+00:00] main.INFO: Add of item with id Magento_Search::report_search_term was processed [] []
[2022-11-17T05:24:04.358257+00:00] main.INFO: Add of item with id Magento_LoginAsCustomerLog::login_log was processed [] []
[2022-11-17T05:24:04.358281+00:00] main.INFO: Add of item with id Magento_Marketplace::partners was processed [] []
[2022-11-17T05:24:04.358306+00:00] main.INFO: Add of item with id Magento_Newsletter::newsletter_template was processed [] []
[2022-11-17T05:24:04.358330+00:00] main.INFO: Add of item with id Magento_Newsletter::newsletter_queue was processed [] []
[2022-11-17T05:24:04.358354+00:00] main.INFO: Add of item with id Magento_Newsletter::newsletter_subscriber was processed [] []
[2022-11-17T05:24:04.358378+00:00] main.INFO: Add of item with id Magento_Newsletter::newsletter_problem was processed [] []
[2022-11-17T05:24:04.358402+00:00] main.INFO: Add of item with id Magento_SalesRule::promo_quote was processed [] []
[2022-11-17T05:24:04.358427+00:00] main.INFO: Add of item with id Magento_Sitemap::catalog_sitemap was processed [] []
[2022-11-17T05:24:04.358451+00:00] main.INFO: Add of item with id Magento_PageBuilder::templates was processed [] []
[2022-11-17T05:24:04.358475+00:00] main.INFO: Add of item with id Magento_Paypal::report_salesroot_paypal_settlement_reports was processed [] []
[2022-11-17T05:24:04.358500+00:00] main.INFO: Add of item with id Magento_Paypal::paypal_billing_agreement was processed [] []
[2022-11-17T05:24:04.358524+00:00] main.INFO: Add of item with id Magento_CheckoutAgreements::sales_checkoutagreement was processed [] []
[2022-11-17T05:24:04.358549+00:00] main.INFO: Add of item with id Magento_Review::catalog_reviews_ratings_ratings was processed [] []
[2022-11-17T05:24:04.358583+00:00] main.INFO: Add of item with id Magento_Review::catalog_reviews_ratings_pending was processed [] []
[2022-11-17T05:24:04.358607+00:00] main.INFO: Add of item with id Magento_Review::catalog_reviews_ratings_reviews_all was processed [] []
[2022-11-17T05:24:04.358632+00:00] main.INFO: Add of item with id Magento_Review::report_review was processed [] []
[2022-11-17T05:24:04.358665+00:00] main.INFO: Add of item with id Magento_Review::report_review_customer was processed [] []
[2022-11-17T05:24:04.358690+00:00] main.INFO: Add of item with id Magento_Review::report_review_product was processed [] []
[2022-11-17T05:24:04.358714+00:00] main.INFO: Add of item with id Magento_UrlRewrite::urlrewrite was processed [] []
[2022-11-17T05:24:04.358739+00:00] main.INFO: Add of item with id Magento_Tax::sales_tax was processed [] []
[2022-11-17T05:24:04.358772+00:00] main.INFO: Add of item with id Magento_Tax::sales_tax_rules was processed [] []
[2022-11-17T05:24:04.358797+00:00] main.INFO: Add of item with id Magento_Tax::sales_tax_rates was processed [] []
[2022-11-17T05:24:04.358821+00:00] main.INFO: Add of item with id Magento_TaxImportExport::system_convert_tax was processed [] []
[2022-11-17T05:24:04.358846+00:00] main.INFO: Add of item with id Magento_AsynchronousOperations::system_magento_logging was processed [] []
[2022-11-17T05:24:04.358879+00:00] main.INFO: Add of item with id Magento_AsynchronousOperations::system_magento_logging_bulk_operations was processed [] []
[2022-11-17T05:24:04.358909+00:00] main.INFO: Add of item with id Magento_CurrencySymbol::system_currency was processed [] []
[2022-11-17T05:24:04.358943+00:00] main.INFO: Add of item with id Magento_CurrencySymbol::system_currency_rates was processed [] []
[2022-11-17T05:24:04.358969+00:00] main.INFO: Add of item with id Magento_CurrencySymbol::system_currency_symbols was processed [] []
[2022-11-17T05:24:04.358993+00:00] main.INFO: Add of item with id PayPal_Braintree::settlement_report was processed [] []
[2022-11-17T05:24:04.359017+00:00] main.INFO: Add of item with id PayPal_Braintree::virtual_terminal was processed [] []
[2022-11-17T05:28:03.833781+00:00] main.INFO: Item Magento_Backend::system_currency was removed [] []
[2022-11-17T05:28:03.836957+00:00] main.INFO: Add of item with id Magento_AdminNotification::system_adminnotification was processed [] []
[2022-11-17T05:28:03.837043+00:00] main.INFO: Add of item with id Magento_Theme::design_config was processed [] []
[2022-11-17T05:28:03.837078+00:00] main.INFO: Add of item with id Magento_Theme::system_design_theme was processed [] []
[2022-11-17T05:28:03.837118+00:00] main.INFO: Add of item with id Magento_Config::system_config was processed [] []
[2022-11-17T05:28:03.837147+00:00] main.INFO: Add of item with id Magento_Backend::system_design_schedule was processed [] []
[2022-11-17T05:28:03.837173+00:00] main.INFO: Add of item with id Magento_Backend::system_store was processed [] []
[2022-11-17T05:28:03.837199+00:00] main.INFO: Add of item with id Magento_Backend::dashboard was processed [] []
[2022-11-17T05:28:03.837224+00:00] main.INFO: Add of item with id Magento_Backend::system was processed [] []
[2022-11-17T05:28:03.837260+00:00] main.INFO: Add of item with id Magento_Backend::system_tools was processed [] []
[2022-11-17T05:28:03.837295+00:00] main.INFO: Add of item with id Magento_Backend::system_design was processed [] []
[2022-11-17T05:28:03.837321+00:00] main.INFO: Add of item with id Magento_Backend::system_convert was processed [] []
[2022-11-17T05:28:03.837355+00:00] main.INFO: Add of item with id Magento_Backend::system_cache was processed [] []
[2022-11-17T05:28:03.837380+00:00] main.INFO: Add of item with id Magento_Backend::marketing was processed [] []
[2022-11-17T05:28:03.837414+00:00] main.INFO: Add of item with id Magento_Backend::marketing_communications was processed [] []
[2022-11-17T05:28:03.837439+00:00] main.INFO: Add of item with id Magento_Backend::marketing_seo was processed [] []
[2022-11-17T05:28:03.837463+00:00] main.INFO: Add of item with id Magento_Backend::marketing_user_content was processed [] []
[2022-11-17T05:28:03.837488+00:00] main.INFO: Add of item with id Magento_Backend::content was processed [] []
[2022-11-17T05:28:03.837512+00:00] main.INFO: Add of item with id Magento_Backend::content_elements was processed [] []
[2022-11-17T05:28:03.837536+00:00] main.INFO: Add of item with id Magento_Backend::stores was processed [] []
[2022-11-17T05:28:03.837570+00:00] main.INFO: Add of item with id Magento_Backend::stores_settings was processed [] []
[2022-11-17T05:28:03.837595+00:00] main.INFO: Add of item with id Magento_Backend::stores_attributes was processed [] []
[2022-11-17T05:28:03.837619+00:00] main.INFO: Add of item with id Magento_Backend::other_settings was processed [] []
[2022-11-17T05:28:03.837643+00:00] main.INFO: Add of item with id Magento_Backend::system_other_settings was processed [] []
[2022-11-17T05:28:03.837668+00:00] main.INFO: Add of item with id Magento_Customer::customer was processed [] []
[2022-11-17T05:28:03.837701+00:00] main.INFO: Add of item with id Magento_Customer::customer_manage was processed [] []
[2022-11-17T05:28:03.837726+00:00] main.INFO: Add of item with id Magento_Customer::customer_online was processed [] []
[2022-11-17T05:28:03.837750+00:00] main.INFO: Add of item with id Magento_Customer::customer_group was processed [] []
[2022-11-17T05:28:03.837775+00:00] main.INFO: Add of item with id Magento_User::system_acl was processed [] []
[2022-11-17T05:28:03.837809+00:00] main.INFO: Add of item with id Magento_User::system_acl_users was processed [] []
[2022-11-17T05:28:03.837846+00:00] main.INFO: Add of item with id Magento_User::system_acl_roles was processed [] []
[2022-11-17T05:28:03.837871+00:00] main.INFO: Add of item with id Magento_User::system_acl_locks was processed [] []
[2022-11-17T05:28:03.837896+00:00] main.INFO: Add of item with id Magento_Backup::system_tools_backup was processed [] []
[2022-11-17T05:28:03.837921+00:00] main.INFO: Add of item with id Magento_Indexer::system_index was processed [] []
[2022-11-17T05:28:03.837945+00:00] main.INFO: Add of item with id Magento_Variable::system_variable was processed [] []
[2022-11-17T05:28:03.837980+00:00] main.INFO: Add of item with id Magento_Cms::cms_page was processed [] []
[2022-11-17T05:28:03.838005+00:00] main.INFO: Add of item with id Magento_Cms::cms_block was processed [] []
[2022-11-17T05:28:03.838038+00:00] main.INFO: Add of item with id Magento_Search::search_terms was processed [] []
[2022-11-17T05:28:03.838063+00:00] main.INFO: Add of item with id Magento_Search::search_synonyms was processed [] []
[2022-11-17T05:28:03.838087+00:00] main.INFO: Add of item with id Magento_Catalog::catalog was processed [] []
[2022-11-17T05:28:03.838121+00:00] main.INFO: Add of item with id Magento_Catalog::catalog_products was processed [] []
[2022-11-17T05:28:03.838146+00:00] main.INFO: Add of item with id Magento_Catalog::catalog_categories was processed [] []
[2022-11-17T05:28:03.838179+00:00] main.INFO: Add of item with id Magento_Catalog::catalog_attributes_attributes was processed [] []
[2022-11-17T05:28:03.838204+00:00] main.INFO: Add of item with id Magento_Catalog::catalog_attributes_sets was processed [] []
[2022-11-17T05:28:03.838237+00:00] main.INFO: Add of item with id Magento_Catalog::inventory was processed [] []
[2022-11-17T05:28:03.838262+00:00] main.INFO: Add of item with id Magento_CatalogRule::promo was processed [] []
[2022-11-17T05:28:03.838295+00:00] main.INFO: Add of item with id Magento_CatalogRule::promo_catalog was processed [] []
[2022-11-17T05:28:03.838320+00:00] main.INFO: Add of item with id Magento_MediaGalleryUi::media was processed [] []
[2022-11-17T05:28:03.838354+00:00] main.INFO: Add of item with id Magento_MediaGalleryUi::media_gallery was processed [] []
[2022-11-17T05:28:03.838378+00:00] main.INFO: Add of item with id Magento_Integration::system_extensions was processed [] []
[2022-11-17T05:28:03.838411+00:00] main.INFO: Add of item with id Magento_Integration::system_integrations was processed [] []
[2022-11-17T05:28:03.838436+00:00] main.INFO: Add of item with id Magento_Sales::sales was processed [] []
[2022-11-17T05:28:03.838469+00:00] main.INFO: Add of item with id Magento_Sales::sales_operation was processed [] []
[2022-11-17T05:28:03.838502+00:00] main.INFO: Add of item with id Magento_Sales::sales_order was processed [] []
[2022-11-17T05:28:03.838527+00:00] main.INFO: Add of item with id Magento_Sales::sales_invoice was processed [] []
[2022-11-17T05:28:03.838551+00:00] main.INFO: Add of item with id Magento_Sales::sales_shipment was processed [] []
[2022-11-17T05:28:03.838575+00:00] main.INFO: Add of item with id Magento_Sales::sales_creditmemo was processed [] []
[2022-11-17T05:28:03.838599+00:00] main.INFO: Add of item with id Magento_Sales::sales_transactions was processed [] []
[2022-11-17T05:28:03.838624+00:00] main.INFO: Add of item with id Magento_Sales::system_order_statuses was processed [] []
[2022-11-17T05:28:03.838648+00:00] main.INFO: Add of item with id Magento_Widget::cms_widget_instance was processed [] []
[2022-11-17T05:28:03.838681+00:00] main.INFO: Add of item with id Magento_Analytics::business_intelligence was processed [] []
[2022-11-17T05:28:03.838715+00:00] main.INFO: Add of item with id Magento_Analytics::advanced_reporting was processed [] []
[2022-11-17T05:28:03.838740+00:00] main.INFO: Add of item with id Magento_Analytics::bi_essentials was processed [] []
[2022-11-17T05:28:03.838774+00:00] main.INFO: Add of item with id Magento_Downloadable::report_products_downloads was processed [] []
[2022-11-17T05:28:03.838813+00:00] main.INFO: Add of item with id Magento_ImportExport::system_convert_import was processed [] []
[2022-11-17T05:28:03.838838+00:00] main.INFO: Add of item with id Magento_ImportExport::system_convert_export was processed [] []
[2022-11-17T05:28:03.838862+00:00] main.INFO: Add of item with id Magento_ImportExport::system_convert_history was processed [] []
[2022-11-17T05:28:03.838896+00:00] main.INFO: Add of item with id Magento_Email::template was processed [] []
[2022-11-17T05:28:03.838921+00:00] main.INFO: Add of item with id Magento_EncryptionKey::system_crypt_key was processed [] []
[2022-11-17T05:28:03.838945+00:00] main.INFO: Add of item with id Magento_InventoryAdminUi::inventory was processed [] []
[2022-11-17T05:28:03.838978+00:00] main.INFO: Add of item with id Magento_InventoryAdminUi::source was processed [] []
[2022-11-17T05:28:03.839003+00:00] main.INFO: Add of item with id Magento_InventoryAdminUi::stock was processed [] []
[2022-11-17T05:28:03.839027+00:00] main.INFO: Add of item with id Magento_Reports::report was processed [] []
[2022-11-17T05:28:03.839052+00:00] main.INFO: Add of item with id Magento_Reports::report_marketing was processed [] []
[2022-11-17T05:28:03.839076+00:00] main.INFO: Add of item with id Magento_Reports::report_salesroot was processed [] []
[2022-11-17T05:28:03.839109+00:00] main.INFO: Add of item with id Magento_Reports::report_salesroot_sales was processed [] []
[2022-11-17T05:28:03.839133+00:00] main.INFO: Add of item with id Magento_Reports::report_salesroot_tax was processed [] []
[2022-11-17T05:28:03.839157+00:00] main.INFO: Add of item with id Magento_Reports::report_salesroot_invoiced was processed [] []
[2022-11-17T05:28:03.839181+00:00] main.INFO: Add of item with id Magento_Reports::report_salesroot_shipping was processed [] []
[2022-11-17T05:28:03.839205+00:00] main.INFO: Add of item with id Magento_Reports::report_salesroot_refunded was processed [] []
[2022-11-17T05:28:03.839229+00:00] main.INFO: Add of item with id Magento_Reports::report_salesroot_coupons was processed [] []
[2022-11-17T05:28:03.839262+00:00] main.INFO: Add of item with id Magento_Reports::report_shopcart_product was processed [] []
[2022-11-17T05:28:03.839287+00:00] main.INFO: Add of item with id Magento_Reports::report_shopcart_abandoned was processed [] []
[2022-11-17T05:28:03.839311+00:00] main.INFO: Add of item with id Magento_Reports::report_products was processed [] []
[2022-11-17T05:28:03.839335+00:00] main.INFO: Add of item with id Magento_Reports::report_products_bestsellers was processed [] []
[2022-11-17T05:28:03.839359+00:00] main.INFO: Add of item with id Magento_Reports::report_products_sold was processed [] []
[2022-11-17T05:28:03.839397+00:00] main.INFO: Add of item with id Magento_Reports::report_products_viewed was processed [] []
[2022-11-17T05:28:03.839422+00:00] main.INFO: Add of item with id Magento_Reports::report_products_lowstock was processed [] []
[2022-11-17T05:28:03.839446+00:00] main.INFO: Add of item with id Magento_Reports::report_customers was processed [] []
[2022-11-17T05:28:03.839481+00:00] main.INFO: Add of item with id Magento_Reports::report_customers_accounts was processed [] []
[2022-11-17T05:28:03.839505+00:00] main.INFO: Add of item with id Magento_Reports::report_customers_totals was processed [] []
[2022-11-17T05:28:03.839530+00:00] main.INFO: Add of item with id Magento_Reports::report_customers_orders was processed [] []
[2022-11-17T05:28:03.839554+00:00] main.INFO: Add of item with id Magento_Reports::report_statistics was processed [] []
[2022-11-17T05:28:03.839587+00:00] main.INFO: Add of item with id Magento_Reports::report_statistics_refresh was processed [] []
[2022-11-17T05:28:03.839611+00:00] main.INFO: Add of item with id Magento_Search::report_search_term was processed [] []
[2022-11-17T05:28:03.839636+00:00] main.INFO: Add of item with id Magento_LoginAsCustomerLog::login_log was processed [] []
[2022-11-17T05:28:03.839660+00:00] main.INFO: Add of item with id Magento_Marketplace::partners was processed [] []
[2022-11-17T05:28:03.839690+00:00] main.INFO: Add of item with id Magento_Newsletter::newsletter_template was processed [] []
[2022-11-17T05:28:03.839715+00:00] main.INFO: Add of item with id Magento_Newsletter::newsletter_queue was processed [] []
[2022-11-17T05:28:03.839739+00:00] main.INFO: Add of item with id Magento_Newsletter::newsletter_subscriber was processed [] []
[2022-11-17T05:28:03.839763+00:00] main.INFO: Add of item with id Magento_Newsletter::newsletter_problem was processed [] []
[2022-11-17T05:28:03.839787+00:00] main.INFO: Add of item with id Magento_SalesRule::promo_quote was processed [] []
[2022-11-17T05:28:03.839811+00:00] main.INFO: Add of item with id Magento_Sitemap::catalog_sitemap was processed [] []
[2022-11-17T05:28:03.839835+00:00] main.INFO: Add of item with id Magento_PageBuilder::templates was processed [] []
[2022-11-17T05:28:03.839860+00:00] main.INFO: Add of item with id Magento_Paypal::report_salesroot_paypal_settlement_reports was processed [] []
[2022-11-17T05:28:03.839885+00:00] main.INFO: Add of item with id Magento_Paypal::paypal_billing_agreement was processed [] []
[2022-11-17T05:28:03.839909+00:00] main.INFO: Add of item with id Magento_CheckoutAgreements::sales_checkoutagreement was processed [] []
[2022-11-17T05:28:03.839933+00:00] main.INFO: Add of item with id Magento_Review::catalog_reviews_ratings_ratings was processed [] []
[2022-11-17T05:28:03.839967+00:00] main.INFO: Add of item with id Magento_Review::catalog_reviews_ratings_pending was processed [] []
[2022-11-17T05:28:03.839992+00:00] main.INFO: Add of item with id Magento_Review::catalog_reviews_ratings_reviews_all was processed [] []
[2022-11-17T05:28:03.840016+00:00] main.INFO: Add of item with id Magento_Review::report_review was processed [] []
[2022-11-17T05:28:03.840050+00:00] main.INFO: Add of item with id Magento_Review::report_review_customer was processed [] []
[2022-11-17T05:28:03.840074+00:00] main.INFO: Add of item with id Magento_Review::report_review_product was processed [] []
[2022-11-17T05:28:03.840098+00:00] main.INFO: Add of item with id Magento_UrlRewrite::urlrewrite was processed [] []
[2022-11-17T05:28:03.840123+00:00] main.INFO: Add of item with id Magento_Tax::sales_tax was processed [] []
[2022-11-17T05:28:03.840156+00:00] main.INFO: Add of item with id Magento_Tax::sales_tax_rules was processed [] []
[2022-11-17T05:28:03.840181+00:00] main.INFO: Add of item with id Magento_Tax::sales_tax_rates was processed [] []
[2022-11-17T05:28:03.840205+00:00] main.INFO: Add of item with id Magento_TaxImportExport::system_convert_tax was processed [] []
[2022-11-17T05:28:03.840229+00:00] main.INFO: Add of item with id Magento_AsynchronousOperations::system_magento_logging was processed [] []
[2022-11-17T05:28:03.840263+00:00] main.INFO: Add of item with id Magento_AsynchronousOperations::system_magento_logging_bulk_operations was processed [] []
[2022-11-17T05:28:03.840288+00:00] main.INFO: Add of item with id Magento_CurrencySymbol::system_currency was processed [] []
[2022-11-17T05:28:03.840321+00:00] main.INFO: Add of item with id Magento_CurrencySymbol::system_currency_rates was processed [] []
[2022-11-17T05:28:03.840346+00:00] main.INFO: Add of item with id Magento_CurrencySymbol::system_currency_symbols was processed [] []
[2022-11-17T05:28:03.840370+00:00] main.INFO: Add of item with id PayPal_Braintree::settlement_report was processed [] []
[2022-11-17T05:28:03.840395+00:00] main.INFO: Add of item with id PayPal_Braintree::virtual_terminal was processed [] []
